<?xml version="1.0" encoding="UTF-8"?>
<testsuite xmlns:xsi="http://www.w3.org/2001/XMLSchema-instance" xsi:noNamespaceSchemaLocation="https://maven.apache.org/surefire/maven-failsafe-plugin/xsd/failsafe-test-report.xsd" name="Search Yelp" time="0.968" tests="1" errors="1" skipped="0" failures="0">
  <properties>
[...]
</properties>
  <testcase name="Go to product page" classname="Search Yelp" time="0.968">
    <error message="Could not instantiate class org.openqa.selenium.chrome.ChromeDriver" type="net.thucydides.core.webdriver.UnsupportedDriverException">net.thucydides.core.webdriver.UnsupportedDriverException: Could not instantiate class org.openqa.selenium.chrome.ChromeDriver
Caused by: net.thucydides.core.webdriver.UnsupportedDriverException: Could not instantiate new WebDriver instance of type class org.openqa.selenium.chrome.ChromeDriver (Path to the driver file was not defined
Caused by: java.lang.IllegalStateException: Path to the driver file was not defined
</error>
    <system-out><![CDATA[11:14:40.338 [main] DEBUG n.t.c.u.PropertiesFileLocalPreferences - LOADING LOCAL PROPERTIES FROM /Users/adiaherrerasanto/Documents/TestAutomationCode/Selenium/SerenityBDDExercise/serenity.properties 
11:14:40.340 [main] DEBUG n.t.c.u.PropertiesFileLocalPreferences - LOADING LOCAL PROPERTIES FROM /Users/adiaherrerasanto/Documents/TestAutomationCode/Selenium/SerenityBDDExercise/serenity.properties 
11:14:40.341 [main] DEBUG n.t.c.u.PropertiesFileLocalPreferences - LOADING LOCAL PROPERTIES FROM /Users/adiaherrerasanto/Documents/TestAutomationCode/Selenium/SerenityBDDExercise/serenity.properties 
11:14:40.362 [main] DEBUG n.t.c.u.PropertiesFileLocalPreferences - serenity.restart.browser.for.each=SCENARIO
11:14:40.362 [main] DEBUG n.t.c.u.PropertiesFileLocalPreferences - webdriver.driver=chrome
11:14:40.362 [main] DEBUG n.t.c.u.PropertiesFileLocalPreferences - serenity.test.root=org.example
11:14:40.362 [main] DEBUG n.t.c.u.PropertiesFileLocalPreferences - serenity.project.name=Yelp Automation
11:14:40.362 [main] DEBUG n.t.c.u.PropertiesFileLocalPreferences - serenity.take.screenshots=DISABLED
11:14:40.362 [main] DEBUG n.t.c.u.PropertiesFileLocalPreferences - serenity.browser.maximized=true
11:14:40.362 [main] DEBUG n.t.c.u.PropertiesFileLocalPreferences - drivers.windows.webdriver.chrome.driver=src/test/resources/webdriver/chromedriver
11:14:40.362 [main] DEBUG n.t.c.u.PropertiesFileLocalPreferences - serenity.use.unique.browser=true
11:14:40.713 [main] DEBUG n.t.c.u.PropertiesFileLocalPreferences - LOADING LOCAL PROPERTIES FROM /Users/adiaherrerasanto/Documents/TestAutomationCode/Selenium/SerenityBDDExercise/serenity.properties 
11:14:40.715 [main] DEBUG n.t.c.u.PropertiesFileLocalPreferences - LOADING LOCAL PROPERTIES FROM /Users/adiaherrerasanto/Documents/TestAutomationCode/Selenium/SerenityBDDExercise/serenity.properties 
11:14:40.716 [main] DEBUG n.t.c.u.PropertiesFileLocalPreferences - LOADING LOCAL PROPERTIES FROM /Users/adiaherrerasanto/Documents/TestAutomationCode/Selenium/SerenityBDDExercise/serenity.properties 
11:14:40.721 [main] DEBUG n.t.c.u.PropertiesFileLocalPreferences - serenity.restart.browser.for.each=SCENARIO
11:14:40.722 [main] DEBUG n.t.c.u.PropertiesFileLocalPreferences - webdriver.driver=chrome
11:14:40.723 [main] DEBUG n.t.c.u.PropertiesFileLocalPreferences - serenity.test.root=org.example
11:14:40.723 [main] DEBUG n.t.c.u.PropertiesFileLocalPreferences - serenity.project.name=Yelp Automation
11:14:40.723 [main] DEBUG n.t.c.u.PropertiesFileLocalPreferences - serenity.take.screenshots=DISABLED
11:14:40.723 [main] DEBUG n.t.c.u.PropertiesFileLocalPreferences - serenity.browser.maximized=true
11:14:40.723 [main] DEBUG n.t.c.u.PropertiesFileLocalPreferences - drivers.windows.webdriver.chrome.driver=src/test/resources/webdriver/chromedriver
11:14:40.723 [main] DEBUG n.t.c.u.PropertiesFileLocalPreferences - serenity.use.unique.browser=true
11:14:40.731 [main] INFO  n.t.c.steps.ConsoleLoggingListener - 

-------------------------------------------------------------------------------------
     _______. _______ .______       _______ .__   __.  __  .___________.____    ____ 
    /       ||   ____||   _  \     |   ____||  \ |  | |  | |           |\   \  /   / 
   |   (----`|  |__   |  |_)  |    |  |__   |   \|  | |  | `---|  |----` \   \/   /  
    \   \    |   __|  |      /     |   __|  |  . `  | |  |     |  |       \_    _/   
.----)   |   |  |____ |  |\  \----.|  |____ |  |\   | |  |     |  |         |  |     
|_______/    |_______|| _| `._____||_______||__| \__| |__|     |__|         |__|    
                                                                                     
 News and tutorials at http://www.serenity-bdd.info                                  
 Documentation at https://wakaleo.gitbooks.io/the-serenity-book/content/             
 Join the Serenity Community on Rocket Chat at https://serenity-bdd.rocket.chat      
 Serenity BDD Support and Training at http://serenity-bdd.info/#/trainingandsupport  
 Learn Serenity BDD online at http://serenity-dojo.com                               
-------------------------------------------------------------------------------------

11:14:40.740 [main] DEBUG n.thucydides.core.steps.StepEventBus - Test suite started for story net.thucydides.core.model.Story@8e961cc3
11:14:40.743 [main] INFO  n.t.c.steps.ConsoleLoggingListener - Test Suite Started: Search Yelp
11:14:40.850 [pool-1-thread-1] INFO  n.t.c.steps.ConsoleLoggingListener - 
 _____ _____ ____ _____   ____ _____  _    ____ _____ _____ ____  
|_   _| ____/ ___|_   _| / ___|_   _|/ \  |  _ \_   _| ____|  _ \ 
  | | |  _| \___ \ | |   \___ \ | | / _ \ | |_) || | |  _| | | | |
  | | | |___ ___) || |    ___) || |/ ___ \|  _ < | | | |___| |_| |
  |_| |_____|____/ |_|   |____/ |_/_/   \_\_| \_\|_| |_____|____/ 
                                                                  

TEST STARTED: Go to product page
-------------------------------------------------------------------(search-yelp;go-to-product-page)
11:14:40.874 [pool-1-thread-1] DEBUG n.t.core.requirements.RootDirectory - Resource directories found in  in 10 ms: [src/test/resources]
11:14:40.881 [pool-1-thread-1] DEBUG n.t.core.requirements.RootDirectory - Resource directories found in /Users/adiaherrerasanto/Documents/TestAutomationCode/Selenium/SerenityBDDExercise in 4 ms: [/Users/adiaherrerasanto/Documents/TestAutomationCode/Selenium/SerenityBDDExercise/src/test/resources]
11:14:40.901 [pool-1-thread-1] DEBUG n.t.c.r.m.cucumber.CucumberParser - Found no Cucumber 4.x.x class cucumber.runtime.model.FeatureLoader try Cucumber 2.x.x 
Feature: Search Yelp

  Background:                                          &amp#27;[90m# src/test/resources/features/Yelp.feature:2&amp#27;[0m
11:14:41.890 [pool-1-thread-1] DEBUG n.t.core.reports.ReportService - Reporting formats: [JSON, HTML]
11:14:41.894 [pool-1-thread-1] DEBUG n.t.core.reports.ReportService - Found reporter: net.thucydides.core.reports.xml.XMLTestOutcomeReporter@3a35e4de(format = Optional[XML])
11:14:41.894 [pool-1-thread-1] DEBUG n.t.core.reports.ReportService - Found reporter: net.thucydides.core.reports.json.JSONTestOutcomeReporter@1a082086(format = Optional[JSON])
11:14:41.894 [pool-1-thread-1] DEBUG n.t.core.reports.ReportService - Registering reporter: net.thucydides.core.reports.json.JSONTestOutcomeReporter@1a082086
11:14:41.946 [pool-1-thread-1] DEBUG n.t.core.reports.ReportService - Found reporter: net.thucydides.core.reports.html.HtmlAcceptanceTestReporter@275d9bfb(format = Optional[HTML])
11:14:41.948 [pool-1-thread-1] DEBUG n.t.core.reports.ReportService - Registering reporter: net.thucydides.core.reports.html.HtmlAcceptanceTestReporter@275d9bfb
11:14:41.949 [pool-1-thread-1] DEBUG n.t.core.reports.ReportService - Reporting formats: [JSON, HTML]
11:14:41.968 [pool-1-thread-1] DEBUG n.t.core.reports.ReportService - Generating reports for 1 test outcomes using: net.thucydides.core.reports.json.JSONTestOutcomeReporter@1a082086
11:14:41.968 [pool-1-thread-1] DEBUG n.t.c.r.j.JUnitXMLOutcomeReporter - GENERATING JUNIT REPORTS
11:14:41.969 [pool-1-thread-1] DEBUG n.t.core.reports.ReportService - Processing test outcome Search Yelp:Go to product page
11:14:41.969 [pool-1-thread-1] DEBUG n.t.core.reports.ReportService - net.thucydides.core.reports.json.JSONTestOutcomeReporter@1a082086: Generating report for test outcome: Search Yelp:Go to product page
11:14:41.985 [pool-1-thread-1] DEBUG n.t.c.r.json.JSONTestOutcomeReporter - Generating JSON report for Go to product page to file /Users/adiaherrerasanto/Documents/TestAutomationCode/Selenium/SerenityBDDExercise/target/site/serenity/4d2977aed585ea51726ae24667e463049ab15097ab0768c14febfd8986e072b7.json (using temp file /Users/adiaherrerasanto/Documents/TestAutomationCode/Selenium/SerenityBDDExercise/target/site/serenity/4d2977aed585ea51726ae24667e463049ab15097ab0768c14febfd8986e072b7.jsondf58e0a2-6e73-4096-b9c3-3e32426edc2c)
11:14:42.056 [pool-1-thread-1] DEBUG n.t.core.reports.ReportService - Processing test outcome Search Yelp:Go to product page done
11:14:42.175 [pool-1-thread-1] DEBUG n.t.core.reports.ReportService - Shutting down executor service
11:14:42.178 [pool-1-thread-1] DEBUG n.t.core.reports.ReportService - Reports generated in: 210 ms
11:14:42.178 [pool-1-thread-1] DEBUG n.t.core.reports.ReportService - Generating reports for 1 test outcomes using: net.thucydides.core.reports.html.HtmlAcceptanceTestReporter@275d9bfb
11:14:42.178 [pool-1-thread-1] DEBUG n.t.c.r.j.JUnitXMLOutcomeReporter - GENERATING JUNIT REPORTS
11:14:42.178 [pool-2-thread-1] DEBUG n.t.core.reports.ReportService - Processing test outcome Search Yelp:Go to product page
11:14:42.179 [pool-2-thread-1] DEBUG n.t.core.reports.ReportService - net.thucydides.core.reports.html.HtmlAcceptanceTestReporter@275d9bfb: Generating report for test outcome: Search Yelp:Go to product page
11:14:42.180 [pool-2-thread-1] DEBUG n.t.c.r.h.HtmlAcceptanceTestReporter - GENERATE TEST OUTCOME REPORT FOR Go to product page in 4d2977aed585ea51726ae24667e463049ab15097ab0768c14febfd8986e072b7
11:14:42.191 [pool-2-thread-1] INFO  n.t.c.r.PackageRequirementsTagProvider - Loading requirements from package requirements at: org.example
11:14:42.522 [pool-2-thread-1] DEBUG n.t.c.r.m.cucumber.CucumberParser - Found no Cucumber 4.x.x class cucumber.runtime.model.FeatureLoader try Cucumber 2.x.x 
11:14:42.525 [pool-2-thread-1] DEBUG n.t.c.r.RequirementsTagProvider - Requirements found:[Requirement{name='Search Yelp', type='feature' parent = 'null', cardNumber='null'}]
11:14:42.533 [pool-2-thread-1] DEBUG n.t.c.r.BaseRequirementsService - Requirement found for test outcome Go to product page-[]: Optional[Requirement{name='Search Yelp', type='feature' parent = 'null', cardNumber='null'}]
11:14:42.537 [pool-2-thread-1] DEBUG n.t.c.r.BaseRequirementsService - Requirement found for test outcome Go to product page-[]: Optional[Requirement{name='Search Yelp', type='feature' parent = 'null', cardNumber='null'}]
11:14:42.593 [pool-2-thread-1] DEBUG n.t.c.r.h.HtmlAcceptanceTestReporter - GENERATING HTML REPORT FOR Search Yelp:Go to product page in 4d2977aed585ea51726ae24667e463049ab15097ab0768c14febfd8986e072b7.html in directory target/site/serenity  
11:14:43.125 [pool-2-thread-1] DEBUG n.t.c.r.h.HtmlAcceptanceTestReporter - Generating report in 4d2977aed585ea51726ae24667e463049ab15097ab0768c14febfd8986e072b7.html
11:14:43.596 [pool-2-thread-1] DEBUG n.t.c.r.h.HtmlAcceptanceTestReporter - Generated report 4d2977aed585ea51726ae24667e463049ab15097ab0768c14febfd8986e072b7.html in 470 ms
11:14:43.596 [pool-2-thread-1] DEBUG n.t.core.reports.ReportService - Processing test outcome Search Yelp:Go to product page done
11:14:43.596 [pool-1-thread-1] DEBUG n.t.core.reports.ReportService - Shutting down executor service
11:14:43.597 [pool-1-thread-1] DEBUG n.t.core.reports.ReportService - Reports generated in: 1419 ms

&amp#27;[31mFailed scenarios:&amp#27;[0m
&amp#27;[31msrc/test/resources/features/Yelp.feature:6 &amp#27;[0m# Go to product page

1 Scenarios (&amp#27;[31m1 failed&amp#27;[0m)
4 Steps (&amp#27;[31m1 failed&amp#27;[0m, &amp#27;[36m3 skipped&amp#27;[0m)
0m1.293s

net.thucydides.core.webdriver.UnsupportedDriverException: Could not instantiate class org.openqa.selenium.chrome.ChromeDriver
	at net.thucydides.core.webdriver.WebDriverFacade.newDriverInstance(WebDriverFacade.java:154)
	at net.thucydides.core.webdriver.WebDriverFacade.newProxyDriver(WebDriverFacade.java:142)
	at net.thucydides.core.webdriver.WebDriverFacade.getProxiedDriver(WebDriverFacade.java:112)
	at net.thucydides.core.webdriver.WebDriverFacade.get(WebDriverFacade.java:182)
	at net.serenitybdd.core.pages.PageObject.openPageAtUrl(PageObject.java:862)
	at net.serenitybdd.core.pages.PageObject.open(PageObject.java:763)
	at net.serenitybdd.core.pages.PageObject.open(PageObject.java:751)
	at Yelp.steps.YelpUser.navigatesTo(YelpUser.java:19)
	at Yelp.steps.YelpUser$$EnhancerByCGLIB$$49ef39e4.CGLIB$navigatesTo$2(<generated>)
	at Yelp.steps.YelpUser$$EnhancerByCGLIB$$49ef39e4$$FastClassByCGLIB$$aaf6f581.invoke(<generated>)
	at net.sf.cglib.proxy.MethodProxy.invokeSuper(MethodProxy.java:228)
	at net.thucydides.core.steps.BaseMethodRunner.invokeMethod(BaseMethodRunner.java:10)
	at net.thucydides.core.steps.NormalMethodRunner.invokeMethodAndNotifyFailures(NormalMethodRunner.java:20)
	at net.thucydides.core.steps.StepInterceptor.runNormalMethod(StepInterceptor.java:390)
	at net.thucydides.core.steps.StepInterceptor.testStepResult(StepInterceptor.java:161)
	at net.thucydides.core.steps.StepInterceptor.intercept(StepInterceptor.java:72)
	at Yelp.steps.YelpUser$$EnhancerByCGLIB$$49ef39e4.navigatesTo(<generated>)
	at Yelp.stepsdefinitions.StepDefinitionUser.userNavigateToSaucedemo(StepDefinitionUser.java:17)
	at ✽.user navigates to https://www.saucedemo.com/(src/test/resources/features/Yelp.feature:3)
Caused by: net.thucydides.core.webdriver.UnsupportedDriverException: Could not instantiate new WebDriver instance of type class org.openqa.selenium.chrome.ChromeDriver (Path to the driver file was not defined
	at net.thucydides.core.webdriver.WebDriverFactory.newWebdriverInstance(WebDriverFactory.java:137)
	at net.thucydides.core.webdriver.WebDriverFacade.newDriverInstance(WebDriverFacade.java:151)
	at net.thucydides.core.webdriver.WebDriverFacade.newProxyDriver(WebDriverFacade.java:142)
	at net.thucydides.core.webdriver.WebDriverFacade.getProxiedDriver(WebDriverFacade.java:112)
	at net.thucydides.core.webdriver.WebDriverFacade.get(WebDriverFacade.java:182)
	at net.serenitybdd.core.pages.PageObject.openPageAtUrl(PageObject.java:862)
	at net.serenitybdd.core.pages.PageObject.open(PageObject.java:763)
	at net.serenitybdd.core.pages.PageObject.open(PageObject.java:751)
	at Yelp.steps.YelpUser.navigatesTo(YelpUser.java:19)
	at Yelp.steps.YelpUser$$EnhancerByCGLIB$$49ef39e4.CGLIB$navigatesTo$2(<generated>)
	at Yelp.steps.YelpUser$$EnhancerByCGLIB$$49ef39e4$$FastClassByCGLIB$$aaf6f581.invoke(<generated>)
	at net.sf.cglib.proxy.MethodProxy.invokeSuper(MethodProxy.java:228)
	at net.thucydides.core.steps.BaseMethodRunner.invokeMethod(BaseMethodRunner.java:10)
	at net.thucydides.core.steps.NormalMethodRunner.invokeMethodAndNotifyFailures(NormalMethodRunner.java:20)
	at net.thucydides.core.steps.StepInterceptor.runNormalMethod(StepInterceptor.java:390)
	at net.thucydides.core.steps.StepInterceptor.testStepResult(StepInterceptor.java:161)
	at net.thucydides.core.steps.StepInterceptor.intercept(StepInterceptor.java:72)
	at Yelp.steps.YelpUser$$EnhancerByCGLIB$$49ef39e4.navigatesTo(<generated>)
	at Yelp.stepsdefinitions.StepDefinitionUser.userNavigateToSaucedemo(StepDefinitionUser.java:17)
	at sun.reflect.NativeMethodAccessorImpl.invoke0(Native Method)
	at sun.reflect.NativeMethodAccessorImpl.invoke(NativeMethodAccessorImpl.java:62)
	at sun.reflect.DelegatingMethodAccessorImpl.invoke(DelegatingMethodAccessorImpl.java:43)
	at java.lang.reflect.Method.invoke(Method.java:498)
	at cucumber.runtime.Utils$1.call(Utils.java:31)
	at cucumber.runtime.Timeout.timeout(Timeout.java:16)
	at cucumber.runtime.Utils.invoke(Utils.java:25)
	at cucumber.runtime.java.JavaStepDefinition.execute(JavaStepDefinition.java:37)
	at cucumber.runtime.StepDefinitionMatch.runStep(StepDefinitionMatch.java:40)
	at cucumber.api.TestStep.executeStep(TestStep.java:102)
	at cucumber.api.TestStep.run(TestStep.java:83)
	at cucumber.api.TestCase.run(TestCase.java:58)
	at cucumber.runner.Runner.runPickle(Runner.java:80)
	at cucumber.runtime.junit.PickleRunners$NoStepDescriptions.run(PickleRunners.java:140)
	at cucumber.runtime.junit.FeatureRunner.runChild(FeatureRunner.java:68)
	at cucumber.runtime.junit.FeatureRunner.runChild(FeatureRunner.java:23)
	at org.junit.runners.ParentRunner$3.run(ParentRunner.java:290)
	at org.junit.runners.ParentRunner$1.schedule(ParentRunner.java:71)
	at org.junit.runners.ParentRunner.runChildren(ParentRunner.java:288)
	at org.junit.runners.ParentRunner.access$000(ParentRunner.java:58)
	at org.junit.runners.ParentRunner$2.evaluate(ParentRunner.java:268)
	at org.junit.runners.ParentRunner.run(ParentRunner.java:363)
	at cucumber.runtime.junit.FeatureRunner.run(FeatureRunner.java:73)
	at cucumber.api.junit.Cucumber.runChild(Cucumber.java:118)
	at cucumber.api.junit.Cucumber.runChild(Cucumber.java:56)
	at org.junit.runners.ParentRunner$3.run(ParentRunner.java:290)
	at org.apache.maven.surefire.junitcore.pc.Scheduler$1.run(Scheduler.java:410)
	at org.apache.maven.surefire.junitcore.pc.InvokerStrategy.schedule(InvokerStrategy.java:54)
	at org.apache.maven.surefire.junitcore.pc.Scheduler.schedule(Scheduler.java:367)
	at org.junit.runners.ParentRunner.runChildren(ParentRunner.java:288)
	at org.junit.runners.ParentRunner.access$000(ParentRunner.java:58)
	at org.junit.runners.ParentRunner$2.evaluate(ParentRunner.java:268)
	at cucumber.api.junit.Cucumber$1.evaluate(Cucumber.java:127)
	at org.junit.runners.ParentRunner.run(ParentRunner.java:363)
	at org.junit.runners.Suite.runChild(Suite.java:128)
	at org.junit.runners.Suite.runChild(Suite.java:27)
	at org.junit.runners.ParentRunner$3.run(ParentRunner.java:290)
	at org.apache.maven.surefire.junitcore.pc.Scheduler$1.run(Scheduler.java:410)
	at java.util.concurrent.Executors$RunnableAdapter.call(Executors.java:511)
	at java.util.concurrent.FutureTask.run(FutureTask.java:266)
	at java.util.concurrent.ThreadPoolExecutor.runWorker(ThreadPoolExecutor.java:1149)
	at java.util.concurrent.ThreadPoolExecutor$Worker.run(ThreadPoolExecutor.java:624)
	at java.lang.Thread.run(Thread.java:750)
Caused by: java.lang.IllegalStateException: Path to the driver file was not defined
	at com.google.common.base.Preconditions.checkState(Preconditions.java:504)
	at net.serenitybdd.core.webdriver.servicepools.DriverServiceExecutable.checkForMissingBinaries(DriverServiceExecutable.java:157)
	at net.serenitybdd.core.webdriver.servicepools.DriverServiceExecutable.asAFile(DriverServiceExecutable.java:117)
	at net.serenitybdd.core.webdriver.servicepools.ChromeServicePool.chromeDriverExecutable(ChromeServicePool.java:44)
	at net.serenitybdd.core.webdriver.servicepools.ChromeServicePool.newDriverService(ChromeServicePool.java:25)
	at net.serenitybdd.core.webdriver.servicepools.ChromeServicePool.newDriverService(ChromeServicePool.java:12)
	at net.serenitybdd.core.webdriver.servicepools.DriverServicePool.driverServiceWithName(DriverServicePool.java:54)
	at net.serenitybdd.core.webdriver.servicepools.DriverServicePool.getDriverService(DriverServicePool.java:45)
	at net.serenitybdd.core.webdriver.servicepools.DriverServicePool.start(DriverServicePool.java:60)
	at net.serenitybdd.core.webdriver.servicepools.DriverServicePool.ensureServiceIsRunning(DriverServicePool.java:86)
	at net.serenitybdd.core.webdriver.driverproviders.ChromeDriverProvider.getDriverServicePool(ChromeDriverProvider.java:29)
	at net.serenitybdd.core.webdriver.driverproviders.ChromeDriverProvider.newInstance(ChromeDriverProvider.java:49)
	at net.thucydides.core.webdriver.WebDriverFactory.newWebdriverInstance(WebDriverFactory.java:127)
	... 61 more

11:14:41.707 [pool-1-thread-1] ERROR n.s.c.w.s.DriverServiceExecutable - &amp#27;[91m
  ___      _                ___           __ _                    _   _            ___                
 |   \ _ _(_)_ _____ _ _   / __|___ _ _  / _(_)__ _ _  _ _ _ __ _| |_(_)___ _ _   |_ _|_______  _ ___ 
 | |) | '_| \ V / -_) '_| | (__/ _ \ ' \|  _| / _` | || | '_/ _` |  _| / _ \ ' \   | |(_-<_-< || / -_)
 |___/|_| |_|\_/\___|_|    \___\___/_||_|_| |_\__, |\_,_|_| \__,_|\__|_\___/_||_| |___/__/__/\_,_\___|
  ___ ___ ___ ___ ___ ___ ___ ___ ___ ___ ___ |___/__ ___ ___ ___ ___ ___ ___ ___ ___ ___ ___ ___ ___ 
 |___|___|___|___|___|___|___|___|___|___|___|___|___|___|___|___|___|___|___|___|___|___|___|___|___|
                                                                                                      
                                                                                                      
The path to the chromedriver driver executable must be set by the webdriver.chrome.driver system property, or be available on the system path; for more information, see https://sites.google.com/a/chromium.org/chromedriver/downloads. The latest version can be downloaded from https://sites.google.com/a/chromium.org/chromedriver/downloads&amp#27;[0m
    &amp#27;[31mGiven &amp#27;[0m&amp#27;[31muser navigates to https://www.saucedemo.com/&amp#27;[0m &amp#27;[90m# StepDefinitionUser.userNavigateToSaucedemo()&amp#27;[0m
      &amp#27;[31mnet.thucydides.core.webdriver.UnsupportedDriverException: Could not instantiate class org.openqa.selenium.chrome.ChromeDriver
	at net.thucydides.core.webdriver.WebDriverFacade.newDriverInstance(WebDriverFacade.java:154)
	at net.thucydides.core.webdriver.WebDriverFacade.newProxyDriver(WebDriverFacade.java:142)
	at net.thucydides.core.webdriver.WebDriverFacade.getProxiedDriver(WebDriverFacade.java:112)
	at net.thucydides.core.webdriver.WebDriverFacade.get(WebDriverFacade.java:182)
	at net.serenitybdd.core.pages.PageObject.openPageAtUrl(PageObject.java:862)
	at net.serenitybdd.core.pages.PageObject.open(PageObject.java:763)
	at net.serenitybdd.core.pages.PageObject.open(PageObject.java:751)
	at Yelp.steps.YelpUser.navigatesTo(YelpUser.java:19)
	at Yelp.steps.YelpUser$$EnhancerByCGLIB$$49ef39e4.CGLIB$navigatesTo$2(<generated>)
	at Yelp.steps.YelpUser$$EnhancerByCGLIB$$49ef39e4$$FastClassByCGLIB$$aaf6f581.invoke(<generated>)
	at net.sf.cglib.proxy.MethodProxy.invokeSuper(MethodProxy.java:228)
	at net.thucydides.core.steps.BaseMethodRunner.invokeMethod(BaseMethodRunner.java:10)
	at net.thucydides.core.steps.NormalMethodRunner.invokeMethodAndNotifyFailures(NormalMethodRunner.java:20)
	at net.thucydides.core.steps.StepInterceptor.runNormalMethod(StepInterceptor.java:390)
	at net.thucydides.core.steps.StepInterceptor.testStepResult(StepInterceptor.java:161)
	at net.thucydides.core.steps.StepInterceptor.intercept(StepInterceptor.java:72)
	at Yelp.steps.YelpUser$$EnhancerByCGLIB$$49ef39e4.navigatesTo(<generated>)
	at Yelp.stepsdefinitions.StepDefinitionUser.userNavigateToSaucedemo(StepDefinitionUser.java:17)
	at ✽.user navigates to https://www.saucedemo.com/(src/test/resources/features/Yelp.feature:3)
Caused by: net.thucydides.core.webdriver.UnsupportedDriverException: Could not instantiate new WebDriver instance of type class org.openqa.selenium.chrome.ChromeDriver (Path to the driver file was not defined
	at net.thucydides.core.webdriver.WebDriverFactory.newWebdriverInstance(WebDriverFactory.java:137)
	at net.thucydides.core.webdriver.WebDriverFacade.newDriverInstance(WebDriverFacade.java:151)
	at net.thucydides.core.webdriver.WebDriverFacade.newProxyDriver(WebDriverFacade.java:142)
	at net.thucydides.core.webdriver.WebDriverFacade.getProxiedDriver(WebDriverFacade.java:112)
	at net.thucydides.core.webdriver.WebDriverFacade.get(WebDriverFacade.java:182)
	at net.serenitybdd.core.pages.PageObject.openPageAtUrl(PageObject.java:862)
	at net.serenitybdd.core.pages.PageObject.open(PageObject.java:763)
	at net.serenitybdd.core.pages.PageObject.open(PageObject.java:751)
	at Yelp.steps.YelpUser.navigatesTo(YelpUser.java:19)
	at Yelp.steps.YelpUser$$EnhancerByCGLIB$$49ef39e4.CGLIB$navigatesTo$2(<generated>)
	at Yelp.steps.YelpUser$$EnhancerByCGLIB$$49ef39e4$$FastClassByCGLIB$$aaf6f581.invoke(<generated>)
	at net.sf.cglib.proxy.MethodProxy.invokeSuper(MethodProxy.java:228)
	at net.thucydides.core.steps.BaseMethodRunner.invokeMethod(BaseMethodRunner.java:10)
	at net.thucydides.core.steps.NormalMethodRunner.invokeMethodAndNotifyFailures(NormalMethodRunner.java:20)
	at net.thucydides.core.steps.StepInterceptor.runNormalMethod(StepInterceptor.java:390)
	at net.thucydides.core.steps.StepInterceptor.testStepResult(StepInterceptor.java:161)
	at net.thucydides.core.steps.StepInterceptor.intercept(StepInterceptor.java:72)
	at Yelp.steps.YelpUser$$EnhancerByCGLIB$$49ef39e4.navigatesTo(<generated>)
	at Yelp.stepsdefinitions.StepDefinitionUser.userNavigateToSaucedemo(StepDefinitionUser.java:17)
	at sun.reflect.NativeMethodAccessorImpl.invoke0(Native Method)
	at sun.reflect.NativeMethodAccessorImpl.invoke(NativeMethodAccessorImpl.java:62)
	at sun.reflect.DelegatingMethodAccessorImpl.invoke(DelegatingMethodAccessorImpl.java:43)
	at java.lang.reflect.Method.invoke(Method.java:498)
	at cucumber.runtime.Utils$1.call(Utils.java:31)
	at cucumber.runtime.Timeout.timeout(Timeout.java:16)
	at cucumber.runtime.Utils.invoke(Utils.java:25)
	at cucumber.runtime.java.JavaStepDefinition.execute(JavaStepDefinition.java:37)
	at cucumber.runtime.StepDefinitionMatch.runStep(StepDefinitionMatch.java:40)
	at cucumber.api.TestStep.executeStep(TestStep.java:102)
	at cucumber.api.TestStep.run(TestStep.java:83)
	at cucumber.api.TestCase.run(TestCase.java:58)
	at cucumber.runner.Runner.runPickle(Runner.java:80)
	at cucumber.runtime.junit.PickleRunners$NoStepDescriptions.run(PickleRunners.java:140)
	at cucumber.runtime.junit.FeatureRunner.runChild(FeatureRunner.java:68)
	at cucumber.runtime.junit.FeatureRunner.runChild(FeatureRunner.java:23)
	at org.junit.runners.ParentRunner$3.run(ParentRunner.java:290)
	at org.junit.runners.ParentRunner$1.schedule(ParentRunner.java:71)
	at org.junit.runners.ParentRunner.runChildren(ParentRunner.java:288)
	at org.junit.runners.ParentRunner.access$000(ParentRunner.java:58)
	at org.junit.runners.ParentRunner$2.evaluate(ParentRunner.java:268)
	at org.junit.runners.ParentRunner.run(ParentRunner.java:363)
	at cucumber.runtime.junit.FeatureRunner.run(FeatureRunner.java:73)
	at cucumber.api.junit.Cucumber.runChild(Cucumber.java:118)
	at cucumber.api.junit.Cucumber.runChild(Cucumber.java:56)
	at org.junit.runners.ParentRunner$3.run(ParentRunner.java:290)
	at org.apache.maven.surefire.junitcore.pc.Scheduler$1.run(Scheduler.java:410)
	at org.apache.maven.surefire.junitcore.pc.InvokerStrategy.schedule(InvokerStrategy.java:54)
	at org.apache.maven.surefire.junitcore.pc.Scheduler.schedule(Scheduler.java:367)
	at org.junit.runners.ParentRunner.runChildren(ParentRunner.java:288)
	at org.junit.runners.ParentRunner.access$000(ParentRunner.java:58)
	at org.junit.runners.ParentRunner$2.evaluate(ParentRunner.java:268)
	at cucumber.api.junit.Cucumber$1.evaluate(Cucumber.java:127)
	at org.junit.runners.ParentRunner.run(ParentRunner.java:363)
	at org.junit.runners.Suite.runChild(Suite.java:128)
	at org.junit.runners.Suite.runChild(Suite.java:27)
	at org.junit.runners.ParentRunner$3.run(ParentRunner.java:290)
	at org.apache.maven.surefire.junitcore.pc.Scheduler$1.run(Scheduler.java:410)
	at java.util.concurrent.Executors$RunnableAdapter.call(Executors.java:511)
	at java.util.concurrent.FutureTask.run(FutureTask.java:266)
	at java.util.concurrent.ThreadPoolExecutor.runWorker(ThreadPoolExecutor.java:1149)
	at java.util.concurrent.ThreadPoolExecutor$Worker.run(ThreadPoolExecutor.java:624)
	at java.lang.Thread.run(Thread.java:750)
Caused by: java.lang.IllegalStateException: Path to the driver file was not defined
	at com.google.common.base.Preconditions.checkState(Preconditions.java:504)
	at net.serenitybdd.core.webdriver.servicepools.DriverServiceExecutable.checkForMissingBinaries(DriverServiceExecutable.java:157)
	at net.serenitybdd.core.webdriver.servicepools.DriverServiceExecutable.asAFile(DriverServiceExecutable.java:117)
	at net.serenitybdd.core.webdriver.servicepools.ChromeServicePool.chromeDriverExecutable(ChromeServicePool.java:44)
	at net.serenitybdd.core.webdriver.servicepools.ChromeServicePool.newDriverService(ChromeServicePool.java:25)
	at net.serenitybdd.core.webdriver.servicepools.ChromeServicePool.newDriverService(ChromeServicePool.java:12)
	at net.serenitybdd.core.webdriver.servicepools.DriverServicePool.driverServiceWithName(DriverServicePool.java:54)
	at net.serenitybdd.core.webdriver.servicepools.DriverServicePool.getDriverService(DriverServicePool.java:45)
	at net.serenitybdd.core.webdriver.servicepools.DriverServicePool.start(DriverServicePool.java:60)
	at net.serenitybdd.core.webdriver.servicepools.DriverServicePool.ensureServiceIsRunning(DriverServicePool.java:86)
	at net.serenitybdd.core.webdriver.driverproviders.ChromeDriverProvider.getDriverServicePool(ChromeDriverProvider.java:29)
	at net.serenitybdd.core.webdriver.driverproviders.ChromeDriverProvider.newInstance(ChromeDriverProvider.java:49)
	at net.thucydides.core.webdriver.WebDriverFactory.newWebdriverInstance(WebDriverFactory.java:127)
	... 61 more
&amp#27;[0m
    &amp#27;[36mAnd &amp#27;[0m&amp#27;[36mlogin as standard user&amp#27;[0m                         &amp#27;[90m# StepDefinitionUser.userLoginAsStandard()&amp#27;[0m

  Scenario: Go to product page         &amp#27;[90m# src/test/resources/features/Yelp.feature:6&amp#27;[0m
    &amp#27;[36mGiven &amp#27;[0m&amp#27;[36muser go to About tab&amp#27;[0m         &amp#27;[90m# StepDefinitionUser.userNavigateToAboutTab()&amp#27;[0m
    &amp#27;[36mAnd &amp#27;[0m&amp#27;[36muser goes back to Product page&amp#27;[0m &amp#27;[90m# StepDefinitionUser.userNavigateToAProductPage()&amp#27;[0m
11:14:41.802 [pool-1-thread-1] ERROR n.t.c.steps.ConsoleLoggingListener - 
           __  _____ _____ ____ _____   _____ _    ___ _     _____ ____  
  _       / / |_   _| ____/ ___|_   _| |  ___/ \  |_ _| |   | ____|  _ \ 
 (_)_____| |    | | |  _| \___ \ | |   | |_ / _ \  | || |   |  _| | | | |
  _|_____| |    | | | |___ ___) || |   |  _/ ___ \ | || |___| |___| |_| |
 (_)     | |    |_| |_____|____/ |_|   |_|/_/   \_\___|_____|_____|____/ 
          \_\                                                            

TEST FAILED WITH ERROR: Go to product page
---------------------------------------------------------------------
11:14:41.807 [pool-1-thread-1] DEBUG n.t.c.steps.ConsoleLoggingListener - RELATED ISSUES: 
11:14:41.878 [pool-1-thread-1] ERROR n.t.c.steps.ConsoleLoggingListener - TEST FAILED AT STEP Navigates to
11:14:41.878 [pool-1-thread-1] ERROR n.t.c.steps.ConsoleLoggingListener - Could not instantiate new WebDriver instance of type class org.openqa.selenium.chrome.ChromeDriver (Path to the driver file was not defined
]]></system-out>
    <system-err><![CDATA[Feb 17, 2023 11:14:41 AM org.openqa.selenium.remote.DesiredCapabilities chrome
INFO: Using `new ChromeOptions()` is preferred to `DesiredCapabilities.chrome()`
]]></system-err>
  </testcase>
</testsuite>