<?xml version="1.0" encoding="UTF-8"?>
<testsuite xmlns:xsi="http://www.w3.org/2001/XMLSchema-instance" xsi:noNamespaceSchemaLocation="https://maven.apache.org/surefire/maven-failsafe-plugin/xsd/failsafe-test-report.xsd" name="Search Yelp" time="0.968" tests="1" errors="1" skipped="0" failures="0">
  <properties>
    <property name="gopherProxySet" value="false"/>
    <property name="awt.toolkit" value="sun.lwawt.macosx.LWCToolkit"/>
    <property name="file.encoding.pkg" value="sun.io"/>
    <property name="java.specification.version" value="1.8"/>
    <property name="sun.cpu.isalist" value=""/>
    <property name="sun.jnu.encoding" value="UTF-8"/>
    <property name="java.class.path" value="/Users/adiaherrerasanto/Documents/TestAutomationCode/Selenium/SerenityBDDExercise/target/test-classes:/Users/adiaherrerasanto/Documents/TestAutomationCode/Selenium/SerenityBDDExercise/target/SerenityYelp-1.0-SNAPSHOT.jar:/Users/adiaherrerasanto/.m2/repository/ch/qos/logback/logback-classic/1.0.13/logback-classic-1.0.13.jar:/Users/adiaherrerasanto/.m2/repository/ch/qos/logback/logback-core/1.0.13/logback-core-1.0.13.jar:/Users/adiaherrerasanto/.m2/repository/org/slf4j/slf4j-api/1.7.5/slf4j-api-1.7.5.jar:/Users/adiaherrerasanto/.m2/repository/net/serenity-bdd/serenity-core/2.0.40/serenity-core-2.0.40.jar:/Users/adiaherrerasanto/.m2/repository/net/bytebuddy/byte-buddy/1.9.6/byte-buddy-1.9.6.jar:/Users/adiaherrerasanto/.m2/repository/net/bytebuddy/byte-buddy-agent/1.9.6/byte-buddy-agent-1.9.6.jar:/Users/adiaherrerasanto/.m2/repository/com/google/guava/guava/25.0-jre/guava-25.0-jre.jar:/Users/adiaherrerasanto/.m2/repository/com/google/code/findbugs/jsr305/1.3.9/jsr305-1.3.9.jar:/Users/adiaherrerasanto/.m2/repository/org/checkerframework/checker-compat-qual/2.0.0/checker-compat-qual-2.0.0.jar:/Users/adiaherrerasanto/.m2/repository/com/google/errorprone/error_prone_annotations/2.1.3/error_prone_annotations-2.1.3.jar:/Users/adiaherrerasanto/.m2/repository/com/google/j2objc/j2objc-annotations/1.1/j2objc-annotations-1.1.jar:/Users/adiaherrerasanto/.m2/repository/org/codehaus/mojo/animal-sniffer-annotations/1.14/animal-sniffer-annotations-1.14.jar:/Users/adiaherrerasanto/.m2/repository/com/google/inject/guice/4.2.2/guice-4.2.2.jar:/Users/adiaherrerasanto/.m2/repository/javax/inject/javax.inject/1/javax.inject-1.jar:/Users/adiaherrerasanto/.m2/repository/aopalliance/aopalliance/1.0/aopalliance-1.0.jar:/Users/adiaherrerasanto/.m2/repository/cglib/cglib/3.2.5/cglib-3.2.5.jar:/Users/adiaherrerasanto/.m2/repository/org/ow2/asm/asm/5.0.3/asm-5.0.3.jar:/Users/adiaherrerasanto/.m2/repository/commons-codec/commons-codec/1.10/commons-codec-1.10.jar:/Users/adiaherrerasanto/.m2/repository/org/objenesis/objenesis/2.6/objenesis-2.6.jar:/Users/adiaherrerasanto/.m2/repository/xml-apis/xml-apis/1.4.01/xml-apis-1.4.01.jar:/Users/adiaherrerasanto/.m2/repository/io/cucumber/cucumber-core/2.4.0/cucumber-core-2.4.0.jar:/Users/adiaherrerasanto/.m2/repository/info/cukes/cucumber-html/0.2.6/cucumber-html-0.2.6.jar:/Users/adiaherrerasanto/.m2/repository/io/cucumber/cucumber-jvm-deps/1.0.6/cucumber-jvm-deps-1.0.6.jar:/Users/adiaherrerasanto/.m2/repository/io/cucumber/gherkin/5.0.0/gherkin-5.0.0.jar:/Users/adiaherrerasanto/.m2/repository/io/cucumber/tag-expressions/1.1.1/tag-expressions-1.1.1.jar:/Users/adiaherrerasanto/.m2/repository/commons-logging/commons-logging/1.2/commons-logging-1.2.jar:/Users/adiaherrerasanto/.m2/repository/io/vavr/vavr/0.9.0/vavr-0.9.0.jar:/Users/adiaherrerasanto/.m2/repository/io/vavr/vavr-match/0.9.0/vavr-match-0.9.0.jar:/Users/adiaherrerasanto/.m2/repository/javax/xml/bind/jaxb-api/2.2.12/jaxb-api-2.2.12.jar:/Users/adiaherrerasanto/.m2/repository/com/sun/xml/bind/jaxb-core/2.3.0.1/jaxb-core-2.3.0.1.jar:/Users/adiaherrerasanto/.m2/repository/com/sun/xml/bind/jaxb-impl/2.3.0.1/jaxb-impl-2.3.0.1.jar:/Users/adiaherrerasanto/.m2/repository/javax/activation/activation/1.1.1/activation-1.1.1.jar:/Users/adiaherrerasanto/.m2/repository/org/mockito/mockito-core/2.23.4/mockito-core-2.23.4.jar:/Users/adiaherrerasanto/.m2/repository/net/serenity-bdd/serenity-report-resources/2.0.40/serenity-report-resources-2.0.40.jar:/Users/adiaherrerasanto/.m2/repository/net/serenity-bdd/serenity-model/2.0.40/serenity-model-2.0.40.jar:/Users/adiaherrerasanto/.m2/repository/commons-net/commons-net/3.6/commons-net-3.6.jar:/Users/adiaherrerasanto/.m2/repository/org/apache/commons/commons-text/1.6/commons-text-1.6.jar:/Users/adiaherrerasanto/.m2/repository/net/serenity-bdd/serenity-reports/2.0.40/serenity-reports-2.0.40.jar:/Users/adiaherrerasanto/.m2/repository/net/serenity-bdd/serenity-stats/2.0.40/serenity-stats-2.0.40.jar:/Users/adiaherrerasanto/.m2/repository/org/jetbrains/kotlin/kotlin-stdlib/1.2.51/kotlin-stdlib-1.2.51.jar:/Users/adiaherrerasanto/.m2/repository/org/jetbrains/kotlin/kotlin-stdlib-common/1.2.51/kotlin-stdlib-common-1.2.51.jar:/Users/adiaherrerasanto/.m2/repository/org/jetbrains/annotations/13.0/annotations-13.0.jar:/Users/adiaherrerasanto/.m2/repository/com/google/code/gson/gson/2.8.4/gson-2.8.4.jar:/Users/adiaherrerasanto/.m2/repository/commons-io/commons-io/2.6/commons-io-2.6.jar:/Users/adiaherrerasanto/.m2/repository/org/seleniumhq/selenium/selenium-server/3.141.59/selenium-server-3.141.59.jar:/Users/adiaherrerasanto/.m2/repository/org/seleniumhq/selenium/selenium-firefox-driver/3.141.59/selenium-firefox-driver-3.141.59.jar:/Users/adiaherrerasanto/.m2/repository/org/seleniumhq/selenium/selenium-ie-driver/3.141.59/selenium-ie-driver-3.141.59.jar:/Users/adiaherrerasanto/.m2/repository/com/beust/jcommander/1.72/jcommander-1.72.jar:/Users/adiaherrerasanto/.m2/repository/org/apache/commons/commons-exec/1.3/commons-exec-1.3.jar:/Users/adiaherrerasanto/.m2/repository/net/jcip/jcip-annotations/1.0/jcip-annotations-1.0.jar:/Users/adiaherrerasanto/.m2/repository/org/seleniumhq/selenium/jetty-repacked/9.4.12.v20180830/jetty-repacked-9.4.12.v20180830.jar:/Users/adiaherrerasanto/.m2/repository/com/squareup/okhttp3/okhttp/3.11.0/okhttp-3.11.0.jar:/Users/adiaherrerasanto/.m2/repository/com/squareup/okio/okio/1.14.0/okio-1.14.0.jar:/Users/adiaherrerasanto/.m2/repository/javax/servlet/javax.servlet-api/3.1.0/javax.servlet-api-3.1.0.jar:/Users/adiaherrerasanto/.m2/repository/org/yaml/snakeyaml/1.19/snakeyaml-1.19.jar:/Users/adiaherrerasanto/.m2/repository/org/seleniumhq/selenium/selenium-java/3.141.59/selenium-java-3.141.59.jar:/Users/adiaherrerasanto/.m2/repository/org/seleniumhq/selenium/selenium-api/3.141.59/selenium-api-3.141.59.jar:/Users/adiaherrerasanto/.m2/repository/org/seleniumhq/selenium/selenium-chrome-driver/3.141.59/selenium-chrome-driver-3.141.59.jar:/Users/adiaherrerasanto/.m2/repository/org/seleniumhq/selenium/selenium-edge-driver/3.141.59/selenium-edge-driver-3.141.59.jar:/Users/adiaherrerasanto/.m2/repository/org/seleniumhq/selenium/selenium-remote-driver/3.141.59/selenium-remote-driver-3.141.59.jar:/Users/adiaherrerasanto/.m2/repository/org/seleniumhq/selenium/selenium-safari-driver/3.141.59/selenium-safari-driver-3.141.59.jar:/Users/adiaherrerasanto/.m2/repository/org/seleniumhq/selenium/selenium-opera-driver/3.141.59/selenium-opera-driver-3.141.59.jar:/Users/adiaherrerasanto/.m2/repository/org/seleniumhq/selenium/selenium-support/3.141.59/selenium-support-3.141.59.jar:/Users/adiaherrerasanto/.m2/repository/com/paulhammant/ngwebdriver/1.1.4/ngwebdriver-1.1.4.jar:/Users/adiaherrerasanto/.m2/repository/com/codeborne/phantomjsdriver/1.4.4/phantomjsdriver-1.4.4.jar:/Users/adiaherrerasanto/.m2/repository/org/eclipse/jetty/jetty-util/9.4.8.v20171121/jetty-util-9.4.8.v20171121.jar:/Users/adiaherrerasanto/.m2/repository/org/eclipse/jetty/jetty-io/9.4.8.v20171121/jetty-io-9.4.8.v20171121.jar:/Users/adiaherrerasanto/.m2/repository/org/seleniumhq/selenium/htmlunit-driver/2.33.1/htmlunit-driver-2.33.1.jar:/Users/adiaherrerasanto/.m2/repository/io/appium/java-client/6.1.0/java-client-6.1.0.jar:/Users/adiaherrerasanto/.m2/repository/commons-validator/commons-validator/1.6/commons-validator-1.6.jar:/Users/adiaherrerasanto/.m2/repository/commons-beanutils/commons-beanutils/1.9.2/commons-beanutils-1.9.2.jar:/Users/adiaherrerasanto/.m2/repository/commons-digester/commons-digester/1.8.1/commons-digester-1.8.1.jar:/Users/adiaherrerasanto/.m2/repository/org/springframework/spring-context/5.0.5.RELEASE/spring-context-5.0.5.RELEASE.jar:/Users/adiaherrerasanto/.m2/repository/org/springframework/spring-aop/5.0.5.RELEASE/spring-aop-5.0.5.RELEASE.jar:/Users/adiaherrerasanto/.m2/repository/org/springframework/spring-beans/5.0.5.RELEASE/spring-beans-5.0.5.RELEASE.jar:/Users/adiaherrerasanto/.m2/repository/org/springframework/spring-core/5.0.5.RELEASE/spring-core-5.0.5.RELEASE.jar:/Users/adiaherrerasanto/.m2/repository/org/springframework/spring-jcl/5.0.5.RELEASE/spring-jcl-5.0.5.RELEASE.jar:/Users/adiaherrerasanto/.m2/repository/org/springframework/spring-expression/5.0.5.RELEASE/spring-expression-5.0.5.RELEASE.jar:/Users/adiaherrerasanto/.m2/repository/org/aspectj/aspectjweaver/1.9.1/aspectjweaver-1.9.1.jar:/Users/adiaherrerasanto/.m2/repository/org/openpnp/opencv/3.2.0-1/opencv-3.2.0-1.jar:/Users/adiaherrerasanto/.m2/repository/org/glassfish/tyrus/tyrus-core/1.13.1/tyrus-core-1.13.1.jar:/Users/adiaherrerasanto/.m2/repository/org/glassfish/tyrus/tyrus-spi/1.13.1/tyrus-spi-1.13.1.jar:/Users/adiaherrerasanto/.m2/repository/javax/websocket/javax.websocket-api/1.1/javax.websocket-api-1.1.jar:/Users/adiaherrerasanto/.m2/repository/org/codehaus/groovy/groovy/2.5.5/groovy-2.5.5.jar:/Users/adiaherrerasanto/.m2/repository/net/sf/opencsv/opencsv/2.0/opencsv-2.0.jar:/Users/adiaherrerasanto/.m2/repository/commons-beanutils/commons-beanutils-core/1.8.3/commons-beanutils-core-1.8.3.jar:/Users/adiaherrerasanto/.m2/repository/joda-time/joda-time/2.7/joda-time-2.7.jar:/Users/adiaherrerasanto/.m2/repository/com/thoughtworks/xstream/xstream/1.4.9/xstream-1.4.9.jar:/Users/adiaherrerasanto/.m2/repository/xmlpull/xmlpull/1.1.3.1/xmlpull-1.1.3.1.jar:/Users/adiaherrerasanto/.m2/repository/xpp3/xpp3_min/1.1.4c/xpp3_min-1.1.4c.jar:/Users/adiaherrerasanto/.m2/repository/org/apache/commons/commons-lang3/3.8.1/commons-lang3-3.8.1.jar:/Users/adiaherrerasanto/.m2/repository/commons-collections/commons-collections/3.2.2/commons-collections-3.2.2.jar:/Users/adiaherrerasanto/.m2/repository/org/freemarker/freemarker/2.3.28/freemarker-2.3.28.jar:/Users/adiaherrerasanto/.m2/repository/net/sourceforge/jexcelapi/jxl/2.6.12/jxl-2.6.12.jar:/Users/adiaherrerasanto/.m2/repository/org/hamcrest/hamcrest-core/1.3/hamcrest-core-1.3.jar:/Users/adiaherrerasanto/.m2/repository/org/hamcrest/hamcrest-library/1.3/hamcrest-library-1.3.jar:/Users/adiaherrerasanto/.m2/repository/net/sourceforge/htmlunit/htmlunit/2.33/htmlunit-2.33.jar:/Users/adiaherrerasanto/.m2/repository/net/sourceforge/htmlunit/htmlunit-core-js/2.33/htmlunit-core-js-2.33.jar:/Users/adiaherrerasanto/.m2/repository/net/sourceforge/htmlunit/neko-htmlunit/2.33/neko-htmlunit-2.33.jar:/Users/adiaherrerasanto/.m2/repository/xerces/xercesImpl/2.12.0/xercesImpl-2.12.0.jar:/Users/adiaherrerasanto/.m2/repository/net/sourceforge/htmlunit/htmlunit-cssparser/1.2.0/htmlunit-cssparser-1.2.0.jar:/Users/adiaherrerasanto/.m2/repository/org/eclipse/jetty/websocket/websocket-client/9.4.12.v20180830/websocket-client-9.4.12.v20180830.jar:/Users/adiaherrerasanto/.m2/repository/org/eclipse/jetty/jetty-client/9.4.12.v20180830/jetty-client-9.4.12.v20180830.jar:/Users/adiaherrerasanto/.m2/repository/org/eclipse/jetty/jetty-http/9.4.12.v20180830/jetty-http-9.4.12.v20180830.jar:/Users/adiaherrerasanto/.m2/repository/org/eclipse/jetty/jetty-xml/9.4.12.v20180830/jetty-xml-9.4.12.v20180830.jar:/Users/adiaherrerasanto/.m2/repository/org/eclipse/jetty/websocket/websocket-common/9.4.12.v20180830/websocket-common-9.4.12.v20180830.jar:/Users/adiaherrerasanto/.m2/repository/org/eclipse/jetty/websocket/websocket-api/9.4.12.v20180830/websocket-api-9.4.12.v20180830.jar:/Users/adiaherrerasanto/.m2/repository/org/apache/httpcomponents/httpclient/4.5.5/httpclient-4.5.5.jar:/Users/adiaherrerasanto/.m2/repository/org/apache/httpcomponents/httpcore/4.4.9/httpcore-4.4.9.jar:/Users/adiaherrerasanto/.m2/repository/org/apache/httpcomponents/httpmime/4.5.5/httpmime-4.5.5.jar:/Users/adiaherrerasanto/.m2/repository/org/fluentlenium/fluentlenium-core/0.10.2/fluentlenium-core-0.10.2.jar:/Users/adiaherrerasanto/.m2/repository/com/jhlabs/filters/2.0.235/filters-2.0.235.jar:/Users/adiaherrerasanto/.m2/repository/org/asciidoctor/asciidoctorj/1.5.6/asciidoctorj-1.5.6.jar:/Users/adiaherrerasanto/.m2/repository/org/jruby/jruby-complete/1.7.26/jruby-complete-1.7.26.jar:/Users/adiaherrerasanto/.m2/repository/org/imgscalr/imgscalr-lib/4.2/imgscalr-lib-4.2.jar:/Users/adiaherrerasanto/.m2/repository/javax/el/javax.el-api/2.2.4/javax.el-api-2.2.4.jar:/Users/adiaherrerasanto/.m2/repository/org/glassfish/web/javax.el/2.2.4/javax.el-2.2.4.jar:/Users/adiaherrerasanto/.m2/repository/xalan/xalan/2.7.2/xalan-2.7.2.jar:/Users/adiaherrerasanto/.m2/repository/xalan/serializer/2.7.2/serializer-2.7.2.jar:/Users/adiaherrerasanto/.m2/repository/org/awaitility/awaitility/3.1.0/awaitility-3.1.0.jar:/Users/adiaherrerasanto/.m2/repository/com/typesafe/config/1.3.1/config-1.3.1.jar:/Users/adiaherrerasanto/.m2/repository/org/jsoup/jsoup/1.10.3/jsoup-1.10.3.jar:/Users/adiaherrerasanto/.m2/repository/com/google/jimfs/jimfs/1.1/jimfs-1.1.jar:/Users/adiaherrerasanto/.m2/repository/es/nitaur/markdown/txtmark/0.16/txtmark-0.16.jar:/Users/adiaherrerasanto/.m2/repository/com/vladsch/flexmark/flexmark-all/0.34.30/flexmark-all-0.34.30.jar:/Users/adiaherrerasanto/.m2/repository/com/vladsch/flexmark/flexmark/0.34.30/flexmark-0.34.30.jar:/Users/adiaherrerasanto/.m2/repository/com/vladsch/flexmark/flexmark-ext-abbreviation/0.34.30/flexmark-ext-abbreviation-0.34.30.jar:/Users/adiaherrerasanto/.m2/repository/com/vladsch/flexmark/flexmark-ext-admonition/0.34.30/flexmark-ext-admonition-0.34.30.jar:/Users/adiaherrerasanto/.m2/repository/com/vladsch/flexmark/flexmark-ext-anchorlink/0.34.30/flexmark-ext-anchorlink-0.34.30.jar:/Users/adiaherrerasanto/.m2/repository/com/vladsch/flexmark/flexmark-ext-aside/0.34.30/flexmark-ext-aside-0.34.30.jar:/Users/adiaherrerasanto/.m2/repository/com/vladsch/flexmark/flexmark-ext-attributes/0.34.30/flexmark-ext-attributes-0.34.30.jar:/Users/adiaherrerasanto/.m2/repository/com/vladsch/flexmark/flexmark-ext-autolink/0.34.30/flexmark-ext-autolink-0.34.30.jar:/Users/adiaherrerasanto/.m2/repository/org/nibor/autolink/autolink/0.6.0/autolink-0.6.0.jar:/Users/adiaherrerasanto/.m2/repository/com/vladsch/flexmark/flexmark-ext-definition/0.34.30/flexmark-ext-definition-0.34.30.jar:/Users/adiaherrerasanto/.m2/repository/com/vladsch/flexmark/flexmark-ext-emoji/0.34.30/flexmark-ext-emoji-0.34.30.jar:/Users/adiaherrerasanto/.m2/repository/com/vladsch/flexmark/flexmark-ext-enumerated-reference/0.34.30/flexmark-ext-enumerated-reference-0.34.30.jar:/Users/adiaherrerasanto/.m2/repository/com/vladsch/flexmark/flexmark-ext-escaped-character/0.34.30/flexmark-ext-escaped-character-0.34.30.jar:/Users/adiaherrerasanto/.m2/repository/com/vladsch/flexmark/flexmark-ext-footnotes/0.34.30/flexmark-ext-footnotes-0.34.30.jar:/Users/adiaherrerasanto/.m2/repository/com/vladsch/flexmark/flexmark-ext-gfm-issues/0.34.30/flexmark-ext-gfm-issues-0.34.30.jar:/Users/adiaherrerasanto/.m2/repository/com/vladsch/flexmark/flexmark-ext-gfm-strikethrough/0.34.30/flexmark-ext-gfm-strikethrough-0.34.30.jar:/Users/adiaherrerasanto/.m2/repository/com/vladsch/flexmark/flexmark-ext-gfm-tables/0.34.30/flexmark-ext-gfm-tables-0.34.30.jar:/Users/adiaherrerasanto/.m2/repository/com/vladsch/flexmark/flexmark-ext-gfm-tasklist/0.34.30/flexmark-ext-gfm-tasklist-0.34.30.jar:/Users/adiaherrerasanto/.m2/repository/com/vladsch/flexmark/flexmark-ext-gfm-users/0.34.30/flexmark-ext-gfm-users-0.34.30.jar:/Users/adiaherrerasanto/.m2/repository/com/vladsch/flexmark/flexmark-ext-gitlab/0.34.30/flexmark-ext-gitlab-0.34.30.jar:/Users/adiaherrerasanto/.m2/repository/com/vladsch/flexmark/flexmark-ext-jekyll-front-matter/0.34.30/flexmark-ext-jekyll-front-matter-0.34.30.jar:/Users/adiaherrerasanto/.m2/repository/com/vladsch/flexmark/flexmark-ext-jekyll-tag/0.34.30/flexmark-ext-jekyll-tag-0.34.30.jar:/Users/adiaherrerasanto/.m2/repository/com/vladsch/flexmark/flexmark-ext-media-tags/0.34.30/flexmark-ext-media-tags-0.34.30.jar:/Users/adiaherrerasanto/.m2/repository/com/vladsch/flexmark/flexmark-test-util/0.34.30/flexmark-test-util-0.34.30.jar:/Users/adiaherrerasanto/.m2/repository/com/vladsch/flexmark/flexmark-ext-ins/0.34.30/flexmark-ext-ins-0.34.30.jar:/Users/adiaherrerasanto/.m2/repository/com/vladsch/flexmark/flexmark-ext-xwiki-macros/0.34.30/flexmark-ext-xwiki-macros-0.34.30.jar:/Users/adiaherrerasanto/.m2/repository/com/vladsch/flexmark/flexmark-ext-superscript/0.34.30/flexmark-ext-superscript-0.34.30.jar:/Users/adiaherrerasanto/.m2/repository/com/vladsch/flexmark/flexmark-ext-tables/0.34.30/flexmark-ext-tables-0.34.30.jar:/Users/adiaherrerasanto/.m2/repository/com/vladsch/flexmark/flexmark-ext-toc/0.34.30/flexmark-ext-toc-0.34.30.jar:/Users/adiaherrerasanto/.m2/repository/com/vladsch/flexmark/flexmark-ext-typographic/0.34.30/flexmark-ext-typographic-0.34.30.jar:/Users/adiaherrerasanto/.m2/repository/com/vladsch/flexmark/flexmark-ext-wikilink/0.34.30/flexmark-ext-wikilink-0.34.30.jar:/Users/adiaherrerasanto/.m2/repository/com/vladsch/flexmark/flexmark-ext-yaml-front-matter/0.34.30/flexmark-ext-yaml-front-matter-0.34.30.jar:/Users/adiaherrerasanto/.m2/repository/com/vladsch/flexmark/flexmark-ext-youtube-embedded/0.34.30/flexmark-ext-youtube-embedded-0.34.30.jar:/Users/adiaherrerasanto/.m2/repository/com/vladsch/flexmark/flexmark-formatter/0.34.30/flexmark-formatter-0.34.30.jar:/Users/adiaherrerasanto/.m2/repository/com/vladsch/flexmark/flexmark-html-parser/0.34.30/flexmark-html-parser-0.34.30.jar:/Users/adiaherrerasanto/.m2/repository/com/vladsch/flexmark/flexmark-jira-converter/0.34.30/flexmark-jira-converter-0.34.30.jar:/Users/adiaherrerasanto/.m2/repository/com/vladsch/flexmark/flexmark-pdf-converter/0.34.30/flexmark-pdf-converter-0.34.30.jar:/Users/adiaherrerasanto/.m2/repository/com/openhtmltopdf/openhtmltopdf-core/0.0.1-RC13/openhtmltopdf-core-0.0.1-RC13.jar:/Users/adiaherrerasanto/.m2/repository/com/openhtmltopdf/openhtmltopdf-pdfbox/0.0.1-RC13/openhtmltopdf-pdfbox-0.0.1-RC13.jar:/Users/adiaherrerasanto/.m2/repository/org/apache/pdfbox/pdfbox/2.0.8/pdfbox-2.0.8.jar:/Users/adiaherrerasanto/.m2/repository/org/apache/pdfbox/fontbox/2.0.8/fontbox-2.0.8.jar:/Users/adiaherrerasanto/.m2/repository/org/apache/pdfbox/xmpbox/2.0.8/xmpbox-2.0.8.jar:/Users/adiaherrerasanto/.m2/repository/de/rototor/pdfbox/graphics2d/0.12/graphics2d-0.12.jar:/Users/adiaherrerasanto/.m2/repository/com/openhtmltopdf/openhtmltopdf-rtl-support/0.0.1-RC13/openhtmltopdf-rtl-support-0.0.1-RC13.jar:/Users/adiaherrerasanto/.m2/repository/com/ibm/icu/icu4j/59.1/icu4j-59.1.jar:/Users/adiaherrerasanto/.m2/repository/com/openhtmltopdf/openhtmltopdf-jsoup-dom-converter/0.0.1-RC13/openhtmltopdf-jsoup-dom-converter-0.0.1-RC13.jar:/Users/adiaherrerasanto/.m2/repository/com/vladsch/flexmark/flexmark-profile-pegdown/0.34.30/flexmark-profile-pegdown-0.34.30.jar:/Users/adiaherrerasanto/.m2/repository/com/vladsch/flexmark/flexmark-util/0.34.30/flexmark-util-0.34.30.jar:/Users/adiaherrerasanto/.m2/repository/com/vladsch/flexmark/flexmark-youtrack-converter/0.34.30/flexmark-youtrack-converter-0.34.30.jar:/Users/adiaherrerasanto/.m2/repository/net/serenity-bdd/serenity-junit/2.0.40/serenity-junit-2.0.40.jar:/Users/adiaherrerasanto/.m2/repository/net/serenity-bdd/serenity-screenplay/2.0.40/serenity-screenplay-2.0.40.jar:/Users/adiaherrerasanto/.m2/repository/uk/com/robust-it/cloning/1.9.10/cloning-1.9.10.jar:/Users/adiaherrerasanto/.m2/repository/net/serenity-bdd/serenity-screenplay-webdriver/2.0.40/serenity-screenplay-webdriver-2.0.40.jar:/Users/adiaherrerasanto/.m2/repository/net/serenity-bdd/serenity-cucumber/1.9.31/serenity-cucumber-1.9.31.jar:/Users/adiaherrerasanto/.m2/repository/io/cucumber/cucumber-java/2.4.0/cucumber-java-2.4.0.jar:/Users/adiaherrerasanto/.m2/repository/io/cucumber/cucumber-junit/2.4.0/cucumber-junit-2.4.0.jar:/Users/adiaherrerasanto/.m2/repository/org/apache/commons/commons-csv/1.5/commons-csv-1.5.jar:/Users/adiaherrerasanto/.m2/repository/junit/junit/4.12/junit-4.12.jar:/Users/adiaherrerasanto/.m2/repository/org/assertj/assertj-core/3.6.2/assertj-core-3.6.2.jar:/Users/adiaherrerasanto/.m2/repository/org/hamcrest/hamcrest-all/1.3/hamcrest-all-1.3.jar:/Users/adiaherrerasanto/.m2/repository/net/serenity-bdd/serenity-rest-assured/2.0.90/serenity-rest-assured-2.0.90.jar:/Users/adiaherrerasanto/.m2/repository/io/rest-assured/rest-assured/3.3.0/rest-assured-3.3.0.jar:/Users/adiaherrerasanto/.m2/repository/org/ccil/cowan/tagsoup/tagsoup/1.2.1/tagsoup-1.2.1.jar:/Users/adiaherrerasanto/.m2/repository/io/rest-assured/json-path/3.3.0/json-path-3.3.0.jar:/Users/adiaherrerasanto/.m2/repository/io/rest-assured/rest-assured-common/3.3.0/rest-assured-common-3.3.0.jar:/Users/adiaherrerasanto/.m2/repository/io/rest-assured/xml-path/3.3.0/xml-path-3.3.0.jar:/Users/adiaherrerasanto/.m2/repository/com/sun/xml/bind/jaxb-osgi/2.2.10/jaxb-osgi-2.2.10.jar:/Users/adiaherrerasanto/.m2/repository/org/apache/sling/org.apache.sling.javax.activation/0.1.0/org.apache.sling.javax.activation-0.1.0.jar:/Users/adiaherrerasanto/.m2/repository/org/codehaus/groovy/groovy-xml/2.5.5/groovy-xml-2.5.5.jar:/Users/adiaherrerasanto/.m2/repository/org/codehaus/groovy/groovy-json/2.5.5/groovy-json-2.5.5.jar:"/>
    <property name="java.vm.vendor" value="Oracle Corporation"/>
    <property name="sun.arch.data.model" value="64"/>
    <property name="java.vendor.url" value="http://java.oracle.com/"/>
    <property name="user.timezone" value="America/Montevideo"/>
    <property name="java.vm.specification.version" value="1.8"/>
    <property name="os.name" value="Mac OS X"/>
    <property name="user.country" value="UY"/>
    <property name="sun.java.launcher" value="SUN_STANDARD"/>
    <property name="sun.boot.library.path" value="/Library/Java/JavaVirtualMachines/jdk1.8.0_361.jdk/Contents/Home/jre/lib"/>
    <property name="sun.java.command" value="/Users/adiaherrerasanto/Documents/TestAutomationCode/Selenium/SerenityBDDExercise/target/surefire/surefirebooter3588524127141438204.jar /Users/adiaherrerasanto/Documents/TestAutomationCode/Selenium/SerenityBDDExercise/target/surefire 2023-02-17T11-14-33_459-jvmRun1 surefire6246344544223801050tmp surefire_06834589342618599922tmp"/>
    <property name="http.nonProxyHosts" value="local|*.local|169.254/16|*.169.254/16"/>
    <property name="surefire.test.class.path" value="/Users/adiaherrerasanto/Documents/TestAutomationCode/Selenium/SerenityBDDExercise/target/test-classes:/Users/adiaherrerasanto/Documents/TestAutomationCode/Selenium/SerenityBDDExercise/target/SerenityYelp-1.0-SNAPSHOT.jar:/Users/adiaherrerasanto/.m2/repository/ch/qos/logback/logback-classic/1.0.13/logback-classic-1.0.13.jar:/Users/adiaherrerasanto/.m2/repository/ch/qos/logback/logback-core/1.0.13/logback-core-1.0.13.jar:/Users/adiaherrerasanto/.m2/repository/org/slf4j/slf4j-api/1.7.5/slf4j-api-1.7.5.jar:/Users/adiaherrerasanto/.m2/repository/net/serenity-bdd/serenity-core/2.0.40/serenity-core-2.0.40.jar:/Users/adiaherrerasanto/.m2/repository/net/bytebuddy/byte-buddy/1.9.6/byte-buddy-1.9.6.jar:/Users/adiaherrerasanto/.m2/repository/net/bytebuddy/byte-buddy-agent/1.9.6/byte-buddy-agent-1.9.6.jar:/Users/adiaherrerasanto/.m2/repository/com/google/guava/guava/25.0-jre/guava-25.0-jre.jar:/Users/adiaherrerasanto/.m2/repository/com/google/code/findbugs/jsr305/1.3.9/jsr305-1.3.9.jar:/Users/adiaherrerasanto/.m2/repository/org/checkerframework/checker-compat-qual/2.0.0/checker-compat-qual-2.0.0.jar:/Users/adiaherrerasanto/.m2/repository/com/google/errorprone/error_prone_annotations/2.1.3/error_prone_annotations-2.1.3.jar:/Users/adiaherrerasanto/.m2/repository/com/google/j2objc/j2objc-annotations/1.1/j2objc-annotations-1.1.jar:/Users/adiaherrerasanto/.m2/repository/org/codehaus/mojo/animal-sniffer-annotations/1.14/animal-sniffer-annotations-1.14.jar:/Users/adiaherrerasanto/.m2/repository/com/google/inject/guice/4.2.2/guice-4.2.2.jar:/Users/adiaherrerasanto/.m2/repository/javax/inject/javax.inject/1/javax.inject-1.jar:/Users/adiaherrerasanto/.m2/repository/aopalliance/aopalliance/1.0/aopalliance-1.0.jar:/Users/adiaherrerasanto/.m2/repository/cglib/cglib/3.2.5/cglib-3.2.5.jar:/Users/adiaherrerasanto/.m2/repository/org/ow2/asm/asm/5.0.3/asm-5.0.3.jar:/Users/adiaherrerasanto/.m2/repository/commons-codec/commons-codec/1.10/commons-codec-1.10.jar:/Users/adiaherrerasanto/.m2/repository/org/objenesis/objenesis/2.6/objenesis-2.6.jar:/Users/adiaherrerasanto/.m2/repository/xml-apis/xml-apis/1.4.01/xml-apis-1.4.01.jar:/Users/adiaherrerasanto/.m2/repository/io/cucumber/cucumber-core/2.4.0/cucumber-core-2.4.0.jar:/Users/adiaherrerasanto/.m2/repository/info/cukes/cucumber-html/0.2.6/cucumber-html-0.2.6.jar:/Users/adiaherrerasanto/.m2/repository/io/cucumber/cucumber-jvm-deps/1.0.6/cucumber-jvm-deps-1.0.6.jar:/Users/adiaherrerasanto/.m2/repository/io/cucumber/gherkin/5.0.0/gherkin-5.0.0.jar:/Users/adiaherrerasanto/.m2/repository/io/cucumber/tag-expressions/1.1.1/tag-expressions-1.1.1.jar:/Users/adiaherrerasanto/.m2/repository/commons-logging/commons-logging/1.2/commons-logging-1.2.jar:/Users/adiaherrerasanto/.m2/repository/io/vavr/vavr/0.9.0/vavr-0.9.0.jar:/Users/adiaherrerasanto/.m2/repository/io/vavr/vavr-match/0.9.0/vavr-match-0.9.0.jar:/Users/adiaherrerasanto/.m2/repository/javax/xml/bind/jaxb-api/2.2.12/jaxb-api-2.2.12.jar:/Users/adiaherrerasanto/.m2/repository/com/sun/xml/bind/jaxb-core/2.3.0.1/jaxb-core-2.3.0.1.jar:/Users/adiaherrerasanto/.m2/repository/com/sun/xml/bind/jaxb-impl/2.3.0.1/jaxb-impl-2.3.0.1.jar:/Users/adiaherrerasanto/.m2/repository/javax/activation/activation/1.1.1/activation-1.1.1.jar:/Users/adiaherrerasanto/.m2/repository/org/mockito/mockito-core/2.23.4/mockito-core-2.23.4.jar:/Users/adiaherrerasanto/.m2/repository/net/serenity-bdd/serenity-report-resources/2.0.40/serenity-report-resources-2.0.40.jar:/Users/adiaherrerasanto/.m2/repository/net/serenity-bdd/serenity-model/2.0.40/serenity-model-2.0.40.jar:/Users/adiaherrerasanto/.m2/repository/commons-net/commons-net/3.6/commons-net-3.6.jar:/Users/adiaherrerasanto/.m2/repository/org/apache/commons/commons-text/1.6/commons-text-1.6.jar:/Users/adiaherrerasanto/.m2/repository/net/serenity-bdd/serenity-reports/2.0.40/serenity-reports-2.0.40.jar:/Users/adiaherrerasanto/.m2/repository/net/serenity-bdd/serenity-stats/2.0.40/serenity-stats-2.0.40.jar:/Users/adiaherrerasanto/.m2/repository/org/jetbrains/kotlin/kotlin-stdlib/1.2.51/kotlin-stdlib-1.2.51.jar:/Users/adiaherrerasanto/.m2/repository/org/jetbrains/kotlin/kotlin-stdlib-common/1.2.51/kotlin-stdlib-common-1.2.51.jar:/Users/adiaherrerasanto/.m2/repository/org/jetbrains/annotations/13.0/annotations-13.0.jar:/Users/adiaherrerasanto/.m2/repository/com/google/code/gson/gson/2.8.4/gson-2.8.4.jar:/Users/adiaherrerasanto/.m2/repository/commons-io/commons-io/2.6/commons-io-2.6.jar:/Users/adiaherrerasanto/.m2/repository/org/seleniumhq/selenium/selenium-server/3.141.59/selenium-server-3.141.59.jar:/Users/adiaherrerasanto/.m2/repository/org/seleniumhq/selenium/selenium-firefox-driver/3.141.59/selenium-firefox-driver-3.141.59.jar:/Users/adiaherrerasanto/.m2/repository/org/seleniumhq/selenium/selenium-ie-driver/3.141.59/selenium-ie-driver-3.141.59.jar:/Users/adiaherrerasanto/.m2/repository/com/beust/jcommander/1.72/jcommander-1.72.jar:/Users/adiaherrerasanto/.m2/repository/org/apache/commons/commons-exec/1.3/commons-exec-1.3.jar:/Users/adiaherrerasanto/.m2/repository/net/jcip/jcip-annotations/1.0/jcip-annotations-1.0.jar:/Users/adiaherrerasanto/.m2/repository/org/seleniumhq/selenium/jetty-repacked/9.4.12.v20180830/jetty-repacked-9.4.12.v20180830.jar:/Users/adiaherrerasanto/.m2/repository/com/squareup/okhttp3/okhttp/3.11.0/okhttp-3.11.0.jar:/Users/adiaherrerasanto/.m2/repository/com/squareup/okio/okio/1.14.0/okio-1.14.0.jar:/Users/adiaherrerasanto/.m2/repository/javax/servlet/javax.servlet-api/3.1.0/javax.servlet-api-3.1.0.jar:/Users/adiaherrerasanto/.m2/repository/org/yaml/snakeyaml/1.19/snakeyaml-1.19.jar:/Users/adiaherrerasanto/.m2/repository/org/seleniumhq/selenium/selenium-java/3.141.59/selenium-java-3.141.59.jar:/Users/adiaherrerasanto/.m2/repository/org/seleniumhq/selenium/selenium-api/3.141.59/selenium-api-3.141.59.jar:/Users/adiaherrerasanto/.m2/repository/org/seleniumhq/selenium/selenium-chrome-driver/3.141.59/selenium-chrome-driver-3.141.59.jar:/Users/adiaherrerasanto/.m2/repository/org/seleniumhq/selenium/selenium-edge-driver/3.141.59/selenium-edge-driver-3.141.59.jar:/Users/adiaherrerasanto/.m2/repository/org/seleniumhq/selenium/selenium-remote-driver/3.141.59/selenium-remote-driver-3.141.59.jar:/Users/adiaherrerasanto/.m2/repository/org/seleniumhq/selenium/selenium-safari-driver/3.141.59/selenium-safari-driver-3.141.59.jar:/Users/adiaherrerasanto/.m2/repository/org/seleniumhq/selenium/selenium-opera-driver/3.141.59/selenium-opera-driver-3.141.59.jar:/Users/adiaherrerasanto/.m2/repository/org/seleniumhq/selenium/selenium-support/3.141.59/selenium-support-3.141.59.jar:/Users/adiaherrerasanto/.m2/repository/com/paulhammant/ngwebdriver/1.1.4/ngwebdriver-1.1.4.jar:/Users/adiaherrerasanto/.m2/repository/com/codeborne/phantomjsdriver/1.4.4/phantomjsdriver-1.4.4.jar:/Users/adiaherrerasanto/.m2/repository/org/eclipse/jetty/jetty-util/9.4.8.v20171121/jetty-util-9.4.8.v20171121.jar:/Users/adiaherrerasanto/.m2/repository/org/eclipse/jetty/jetty-io/9.4.8.v20171121/jetty-io-9.4.8.v20171121.jar:/Users/adiaherrerasanto/.m2/repository/org/seleniumhq/selenium/htmlunit-driver/2.33.1/htmlunit-driver-2.33.1.jar:/Users/adiaherrerasanto/.m2/repository/io/appium/java-client/6.1.0/java-client-6.1.0.jar:/Users/adiaherrerasanto/.m2/repository/commons-validator/commons-validator/1.6/commons-validator-1.6.jar:/Users/adiaherrerasanto/.m2/repository/commons-beanutils/commons-beanutils/1.9.2/commons-beanutils-1.9.2.jar:/Users/adiaherrerasanto/.m2/repository/commons-digester/commons-digester/1.8.1/commons-digester-1.8.1.jar:/Users/adiaherrerasanto/.m2/repository/org/springframework/spring-context/5.0.5.RELEASE/spring-context-5.0.5.RELEASE.jar:/Users/adiaherrerasanto/.m2/repository/org/springframework/spring-aop/5.0.5.RELEASE/spring-aop-5.0.5.RELEASE.jar:/Users/adiaherrerasanto/.m2/repository/org/springframework/spring-beans/5.0.5.RELEASE/spring-beans-5.0.5.RELEASE.jar:/Users/adiaherrerasanto/.m2/repository/org/springframework/spring-core/5.0.5.RELEASE/spring-core-5.0.5.RELEASE.jar:/Users/adiaherrerasanto/.m2/repository/org/springframework/spring-jcl/5.0.5.RELEASE/spring-jcl-5.0.5.RELEASE.jar:/Users/adiaherrerasanto/.m2/repository/org/springframework/spring-expression/5.0.5.RELEASE/spring-expression-5.0.5.RELEASE.jar:/Users/adiaherrerasanto/.m2/repository/org/aspectj/aspectjweaver/1.9.1/aspectjweaver-1.9.1.jar:/Users/adiaherrerasanto/.m2/repository/org/openpnp/opencv/3.2.0-1/opencv-3.2.0-1.jar:/Users/adiaherrerasanto/.m2/repository/org/glassfish/tyrus/tyrus-core/1.13.1/tyrus-core-1.13.1.jar:/Users/adiaherrerasanto/.m2/repository/org/glassfish/tyrus/tyrus-spi/1.13.1/tyrus-spi-1.13.1.jar:/Users/adiaherrerasanto/.m2/repository/javax/websocket/javax.websocket-api/1.1/javax.websocket-api-1.1.jar:/Users/adiaherrerasanto/.m2/repository/org/codehaus/groovy/groovy/2.5.5/groovy-2.5.5.jar:/Users/adiaherrerasanto/.m2/repository/net/sf/opencsv/opencsv/2.0/opencsv-2.0.jar:/Users/adiaherrerasanto/.m2/repository/commons-beanutils/commons-beanutils-core/1.8.3/commons-beanutils-core-1.8.3.jar:/Users/adiaherrerasanto/.m2/repository/joda-time/joda-time/2.7/joda-time-2.7.jar:/Users/adiaherrerasanto/.m2/repository/com/thoughtworks/xstream/xstream/1.4.9/xstream-1.4.9.jar:/Users/adiaherrerasanto/.m2/repository/xmlpull/xmlpull/1.1.3.1/xmlpull-1.1.3.1.jar:/Users/adiaherrerasanto/.m2/repository/xpp3/xpp3_min/1.1.4c/xpp3_min-1.1.4c.jar:/Users/adiaherrerasanto/.m2/repository/org/apache/commons/commons-lang3/3.8.1/commons-lang3-3.8.1.jar:/Users/adiaherrerasanto/.m2/repository/commons-collections/commons-collections/3.2.2/commons-collections-3.2.2.jar:/Users/adiaherrerasanto/.m2/repository/org/freemarker/freemarker/2.3.28/freemarker-2.3.28.jar:/Users/adiaherrerasanto/.m2/repository/net/sourceforge/jexcelapi/jxl/2.6.12/jxl-2.6.12.jar:/Users/adiaherrerasanto/.m2/repository/org/hamcrest/hamcrest-core/1.3/hamcrest-core-1.3.jar:/Users/adiaherrerasanto/.m2/repository/org/hamcrest/hamcrest-library/1.3/hamcrest-library-1.3.jar:/Users/adiaherrerasanto/.m2/repository/net/sourceforge/htmlunit/htmlunit/2.33/htmlunit-2.33.jar:/Users/adiaherrerasanto/.m2/repository/net/sourceforge/htmlunit/htmlunit-core-js/2.33/htmlunit-core-js-2.33.jar:/Users/adiaherrerasanto/.m2/repository/net/sourceforge/htmlunit/neko-htmlunit/2.33/neko-htmlunit-2.33.jar:/Users/adiaherrerasanto/.m2/repository/xerces/xercesImpl/2.12.0/xercesImpl-2.12.0.jar:/Users/adiaherrerasanto/.m2/repository/net/sourceforge/htmlunit/htmlunit-cssparser/1.2.0/htmlunit-cssparser-1.2.0.jar:/Users/adiaherrerasanto/.m2/repository/org/eclipse/jetty/websocket/websocket-client/9.4.12.v20180830/websocket-client-9.4.12.v20180830.jar:/Users/adiaherrerasanto/.m2/repository/org/eclipse/jetty/jetty-client/9.4.12.v20180830/jetty-client-9.4.12.v20180830.jar:/Users/adiaherrerasanto/.m2/repository/org/eclipse/jetty/jetty-http/9.4.12.v20180830/jetty-http-9.4.12.v20180830.jar:/Users/adiaherrerasanto/.m2/repository/org/eclipse/jetty/jetty-xml/9.4.12.v20180830/jetty-xml-9.4.12.v20180830.jar:/Users/adiaherrerasanto/.m2/repository/org/eclipse/jetty/websocket/websocket-common/9.4.12.v20180830/websocket-common-9.4.12.v20180830.jar:/Users/adiaherrerasanto/.m2/repository/org/eclipse/jetty/websocket/websocket-api/9.4.12.v20180830/websocket-api-9.4.12.v20180830.jar:/Users/adiaherrerasanto/.m2/repository/org/apache/httpcomponents/httpclient/4.5.5/httpclient-4.5.5.jar:/Users/adiaherrerasanto/.m2/repository/org/apache/httpcomponents/httpcore/4.4.9/httpcore-4.4.9.jar:/Users/adiaherrerasanto/.m2/repository/org/apache/httpcomponents/httpmime/4.5.5/httpmime-4.5.5.jar:/Users/adiaherrerasanto/.m2/repository/org/fluentlenium/fluentlenium-core/0.10.2/fluentlenium-core-0.10.2.jar:/Users/adiaherrerasanto/.m2/repository/com/jhlabs/filters/2.0.235/filters-2.0.235.jar:/Users/adiaherrerasanto/.m2/repository/org/asciidoctor/asciidoctorj/1.5.6/asciidoctorj-1.5.6.jar:/Users/adiaherrerasanto/.m2/repository/org/jruby/jruby-complete/1.7.26/jruby-complete-1.7.26.jar:/Users/adiaherrerasanto/.m2/repository/org/imgscalr/imgscalr-lib/4.2/imgscalr-lib-4.2.jar:/Users/adiaherrerasanto/.m2/repository/javax/el/javax.el-api/2.2.4/javax.el-api-2.2.4.jar:/Users/adiaherrerasanto/.m2/repository/org/glassfish/web/javax.el/2.2.4/javax.el-2.2.4.jar:/Users/adiaherrerasanto/.m2/repository/xalan/xalan/2.7.2/xalan-2.7.2.jar:/Users/adiaherrerasanto/.m2/repository/xalan/serializer/2.7.2/serializer-2.7.2.jar:/Users/adiaherrerasanto/.m2/repository/org/awaitility/awaitility/3.1.0/awaitility-3.1.0.jar:/Users/adiaherrerasanto/.m2/repository/com/typesafe/config/1.3.1/config-1.3.1.jar:/Users/adiaherrerasanto/.m2/repository/org/jsoup/jsoup/1.10.3/jsoup-1.10.3.jar:/Users/adiaherrerasanto/.m2/repository/com/google/jimfs/jimfs/1.1/jimfs-1.1.jar:/Users/adiaherrerasanto/.m2/repository/es/nitaur/markdown/txtmark/0.16/txtmark-0.16.jar:/Users/adiaherrerasanto/.m2/repository/com/vladsch/flexmark/flexmark-all/0.34.30/flexmark-all-0.34.30.jar:/Users/adiaherrerasanto/.m2/repository/com/vladsch/flexmark/flexmark/0.34.30/flexmark-0.34.30.jar:/Users/adiaherrerasanto/.m2/repository/com/vladsch/flexmark/flexmark-ext-abbreviation/0.34.30/flexmark-ext-abbreviation-0.34.30.jar:/Users/adiaherrerasanto/.m2/repository/com/vladsch/flexmark/flexmark-ext-admonition/0.34.30/flexmark-ext-admonition-0.34.30.jar:/Users/adiaherrerasanto/.m2/repository/com/vladsch/flexmark/flexmark-ext-anchorlink/0.34.30/flexmark-ext-anchorlink-0.34.30.jar:/Users/adiaherrerasanto/.m2/repository/com/vladsch/flexmark/flexmark-ext-aside/0.34.30/flexmark-ext-aside-0.34.30.jar:/Users/adiaherrerasanto/.m2/repository/com/vladsch/flexmark/flexmark-ext-attributes/0.34.30/flexmark-ext-attributes-0.34.30.jar:/Users/adiaherrerasanto/.m2/repository/com/vladsch/flexmark/flexmark-ext-autolink/0.34.30/flexmark-ext-autolink-0.34.30.jar:/Users/adiaherrerasanto/.m2/repository/org/nibor/autolink/autolink/0.6.0/autolink-0.6.0.jar:/Users/adiaherrerasanto/.m2/repository/com/vladsch/flexmark/flexmark-ext-definition/0.34.30/flexmark-ext-definition-0.34.30.jar:/Users/adiaherrerasanto/.m2/repository/com/vladsch/flexmark/flexmark-ext-emoji/0.34.30/flexmark-ext-emoji-0.34.30.jar:/Users/adiaherrerasanto/.m2/repository/com/vladsch/flexmark/flexmark-ext-enumerated-reference/0.34.30/flexmark-ext-enumerated-reference-0.34.30.jar:/Users/adiaherrerasanto/.m2/repository/com/vladsch/flexmark/flexmark-ext-escaped-character/0.34.30/flexmark-ext-escaped-character-0.34.30.jar:/Users/adiaherrerasanto/.m2/repository/com/vladsch/flexmark/flexmark-ext-footnotes/0.34.30/flexmark-ext-footnotes-0.34.30.jar:/Users/adiaherrerasanto/.m2/repository/com/vladsch/flexmark/flexmark-ext-gfm-issues/0.34.30/flexmark-ext-gfm-issues-0.34.30.jar:/Users/adiaherrerasanto/.m2/repository/com/vladsch/flexmark/flexmark-ext-gfm-strikethrough/0.34.30/flexmark-ext-gfm-strikethrough-0.34.30.jar:/Users/adiaherrerasanto/.m2/repository/com/vladsch/flexmark/flexmark-ext-gfm-tables/0.34.30/flexmark-ext-gfm-tables-0.34.30.jar:/Users/adiaherrerasanto/.m2/repository/com/vladsch/flexmark/flexmark-ext-gfm-tasklist/0.34.30/flexmark-ext-gfm-tasklist-0.34.30.jar:/Users/adiaherrerasanto/.m2/repository/com/vladsch/flexmark/flexmark-ext-gfm-users/0.34.30/flexmark-ext-gfm-users-0.34.30.jar:/Users/adiaherrerasanto/.m2/repository/com/vladsch/flexmark/flexmark-ext-gitlab/0.34.30/flexmark-ext-gitlab-0.34.30.jar:/Users/adiaherrerasanto/.m2/repository/com/vladsch/flexmark/flexmark-ext-jekyll-front-matter/0.34.30/flexmark-ext-jekyll-front-matter-0.34.30.jar:/Users/adiaherrerasanto/.m2/repository/com/vladsch/flexmark/flexmark-ext-jekyll-tag/0.34.30/flexmark-ext-jekyll-tag-0.34.30.jar:/Users/adiaherrerasanto/.m2/repository/com/vladsch/flexmark/flexmark-ext-media-tags/0.34.30/flexmark-ext-media-tags-0.34.30.jar:/Users/adiaherrerasanto/.m2/repository/com/vladsch/flexmark/flexmark-test-util/0.34.30/flexmark-test-util-0.34.30.jar:/Users/adiaherrerasanto/.m2/repository/com/vladsch/flexmark/flexmark-ext-ins/0.34.30/flexmark-ext-ins-0.34.30.jar:/Users/adiaherrerasanto/.m2/repository/com/vladsch/flexmark/flexmark-ext-xwiki-macros/0.34.30/flexmark-ext-xwiki-macros-0.34.30.jar:/Users/adiaherrerasanto/.m2/repository/com/vladsch/flexmark/flexmark-ext-superscript/0.34.30/flexmark-ext-superscript-0.34.30.jar:/Users/adiaherrerasanto/.m2/repository/com/vladsch/flexmark/flexmark-ext-tables/0.34.30/flexmark-ext-tables-0.34.30.jar:/Users/adiaherrerasanto/.m2/repository/com/vladsch/flexmark/flexmark-ext-toc/0.34.30/flexmark-ext-toc-0.34.30.jar:/Users/adiaherrerasanto/.m2/repository/com/vladsch/flexmark/flexmark-ext-typographic/0.34.30/flexmark-ext-typographic-0.34.30.jar:/Users/adiaherrerasanto/.m2/repository/com/vladsch/flexmark/flexmark-ext-wikilink/0.34.30/flexmark-ext-wikilink-0.34.30.jar:/Users/adiaherrerasanto/.m2/repository/com/vladsch/flexmark/flexmark-ext-yaml-front-matter/0.34.30/flexmark-ext-yaml-front-matter-0.34.30.jar:/Users/adiaherrerasanto/.m2/repository/com/vladsch/flexmark/flexmark-ext-youtube-embedded/0.34.30/flexmark-ext-youtube-embedded-0.34.30.jar:/Users/adiaherrerasanto/.m2/repository/com/vladsch/flexmark/flexmark-formatter/0.34.30/flexmark-formatter-0.34.30.jar:/Users/adiaherrerasanto/.m2/repository/com/vladsch/flexmark/flexmark-html-parser/0.34.30/flexmark-html-parser-0.34.30.jar:/Users/adiaherrerasanto/.m2/repository/com/vladsch/flexmark/flexmark-jira-converter/0.34.30/flexmark-jira-converter-0.34.30.jar:/Users/adiaherrerasanto/.m2/repository/com/vladsch/flexmark/flexmark-pdf-converter/0.34.30/flexmark-pdf-converter-0.34.30.jar:/Users/adiaherrerasanto/.m2/repository/com/openhtmltopdf/openhtmltopdf-core/0.0.1-RC13/openhtmltopdf-core-0.0.1-RC13.jar:/Users/adiaherrerasanto/.m2/repository/com/openhtmltopdf/openhtmltopdf-pdfbox/0.0.1-RC13/openhtmltopdf-pdfbox-0.0.1-RC13.jar:/Users/adiaherrerasanto/.m2/repository/org/apache/pdfbox/pdfbox/2.0.8/pdfbox-2.0.8.jar:/Users/adiaherrerasanto/.m2/repository/org/apache/pdfbox/fontbox/2.0.8/fontbox-2.0.8.jar:/Users/adiaherrerasanto/.m2/repository/org/apache/pdfbox/xmpbox/2.0.8/xmpbox-2.0.8.jar:/Users/adiaherrerasanto/.m2/repository/de/rototor/pdfbox/graphics2d/0.12/graphics2d-0.12.jar:/Users/adiaherrerasanto/.m2/repository/com/openhtmltopdf/openhtmltopdf-rtl-support/0.0.1-RC13/openhtmltopdf-rtl-support-0.0.1-RC13.jar:/Users/adiaherrerasanto/.m2/repository/com/ibm/icu/icu4j/59.1/icu4j-59.1.jar:/Users/adiaherrerasanto/.m2/repository/com/openhtmltopdf/openhtmltopdf-jsoup-dom-converter/0.0.1-RC13/openhtmltopdf-jsoup-dom-converter-0.0.1-RC13.jar:/Users/adiaherrerasanto/.m2/repository/com/vladsch/flexmark/flexmark-profile-pegdown/0.34.30/flexmark-profile-pegdown-0.34.30.jar:/Users/adiaherrerasanto/.m2/repository/com/vladsch/flexmark/flexmark-util/0.34.30/flexmark-util-0.34.30.jar:/Users/adiaherrerasanto/.m2/repository/com/vladsch/flexmark/flexmark-youtrack-converter/0.34.30/flexmark-youtrack-converter-0.34.30.jar:/Users/adiaherrerasanto/.m2/repository/net/serenity-bdd/serenity-junit/2.0.40/serenity-junit-2.0.40.jar:/Users/adiaherrerasanto/.m2/repository/net/serenity-bdd/serenity-screenplay/2.0.40/serenity-screenplay-2.0.40.jar:/Users/adiaherrerasanto/.m2/repository/uk/com/robust-it/cloning/1.9.10/cloning-1.9.10.jar:/Users/adiaherrerasanto/.m2/repository/net/serenity-bdd/serenity-screenplay-webdriver/2.0.40/serenity-screenplay-webdriver-2.0.40.jar:/Users/adiaherrerasanto/.m2/repository/net/serenity-bdd/serenity-cucumber/1.9.31/serenity-cucumber-1.9.31.jar:/Users/adiaherrerasanto/.m2/repository/io/cucumber/cucumber-java/2.4.0/cucumber-java-2.4.0.jar:/Users/adiaherrerasanto/.m2/repository/io/cucumber/cucumber-junit/2.4.0/cucumber-junit-2.4.0.jar:/Users/adiaherrerasanto/.m2/repository/org/apache/commons/commons-csv/1.5/commons-csv-1.5.jar:/Users/adiaherrerasanto/.m2/repository/junit/junit/4.12/junit-4.12.jar:/Users/adiaherrerasanto/.m2/repository/org/assertj/assertj-core/3.6.2/assertj-core-3.6.2.jar:/Users/adiaherrerasanto/.m2/repository/org/hamcrest/hamcrest-all/1.3/hamcrest-all-1.3.jar:/Users/adiaherrerasanto/.m2/repository/net/serenity-bdd/serenity-rest-assured/2.0.90/serenity-rest-assured-2.0.90.jar:/Users/adiaherrerasanto/.m2/repository/io/rest-assured/rest-assured/3.3.0/rest-assured-3.3.0.jar:/Users/adiaherrerasanto/.m2/repository/org/ccil/cowan/tagsoup/tagsoup/1.2.1/tagsoup-1.2.1.jar:/Users/adiaherrerasanto/.m2/repository/io/rest-assured/json-path/3.3.0/json-path-3.3.0.jar:/Users/adiaherrerasanto/.m2/repository/io/rest-assured/rest-assured-common/3.3.0/rest-assured-common-3.3.0.jar:/Users/adiaherrerasanto/.m2/repository/io/rest-assured/xml-path/3.3.0/xml-path-3.3.0.jar:/Users/adiaherrerasanto/.m2/repository/com/sun/xml/bind/jaxb-osgi/2.2.10/jaxb-osgi-2.2.10.jar:/Users/adiaherrerasanto/.m2/repository/org/apache/sling/org.apache.sling.javax.activation/0.1.0/org.apache.sling.javax.activation-0.1.0.jar:/Users/adiaherrerasanto/.m2/repository/org/codehaus/groovy/groovy-xml/2.5.5/groovy-xml-2.5.5.jar:/Users/adiaherrerasanto/.m2/repository/org/codehaus/groovy/groovy-json/2.5.5/groovy-json-2.5.5.jar:"/>
    <property name="sun.cpu.endian" value="little"/>
    <property name="user.home" value="/Users/adiaherrerasanto"/>
    <property name="user.language" value="en"/>
    <property name="java.specification.vendor" value="Oracle Corporation"/>
    <property name="java.home" value="/Library/Java/JavaVirtualMachines/jdk1.8.0_361.jdk/Contents/Home/jre"/>
    <property name="basedir" value="/Users/adiaherrerasanto/Documents/TestAutomationCode/Selenium/SerenityBDDExercise"/>
    <property name="file.separator" value="/"/>
    <property name="line.separator" value="&#10;"/>
    <property name="java.vm.specification.vendor" value="Oracle Corporation"/>
    <property name="java.specification.name" value="Java Platform API Specification"/>
    <property name="java.awt.graphicsenv" value="sun.awt.CGraphicsEnvironment"/>
    <property name="surefire.real.class.path" value="/Users/adiaherrerasanto/Documents/TestAutomationCode/Selenium/SerenityBDDExercise/target/surefire/surefirebooter3588524127141438204.jar"/>
    <property name="sun.boot.class.path" value="/Library/Java/JavaVirtualMachines/jdk1.8.0_361.jdk/Contents/Home/jre/lib/resources.jar:/Library/Java/JavaVirtualMachines/jdk1.8.0_361.jdk/Contents/Home/jre/lib/rt.jar:/Library/Java/JavaVirtualMachines/jdk1.8.0_361.jdk/Contents/Home/jre/lib/jsse.jar:/Library/Java/JavaVirtualMachines/jdk1.8.0_361.jdk/Contents/Home/jre/lib/jce.jar:/Library/Java/JavaVirtualMachines/jdk1.8.0_361.jdk/Contents/Home/jre/lib/charsets.jar:/Library/Java/JavaVirtualMachines/jdk1.8.0_361.jdk/Contents/Home/jre/lib/jfr.jar:/Library/Java/JavaVirtualMachines/jdk1.8.0_361.jdk/Contents/Home/jre/classes"/>
    <property name="sun.management.compiler" value="HotSpot 64-Bit Tiered Compilers"/>
    <property name="ftp.nonProxyHosts" value="local|*.local|169.254/16|*.169.254/16"/>
    <property name="java.runtime.version" value="1.8.0_361-b09"/>
    <property name="user.name" value="adiaherrerasanto"/>
    <property name="path.separator" value=":"/>
    <property name="os.version" value="13.0.1"/>
    <property name="java.endorsed.dirs" value="/Library/Java/JavaVirtualMachines/jdk1.8.0_361.jdk/Contents/Home/jre/lib/endorsed"/>
    <property name="java.runtime.name" value="Java(TM) SE Runtime Environment"/>
    <property name="file.encoding" value="UTF-8"/>
    <property name="java.vm.name" value="Java HotSpot(TM) 64-Bit Server VM"/>
    <property name="localRepository" value="/Users/adiaherrerasanto/.m2/repository"/>
    <property name="java.vendor.url.bug" value="http://bugreport.sun.com/bugreport/"/>
    <property name="java.io.tmpdir" value="/var/folders/b9/fb8hw63s7x36vhmw5rgnjq6w0000gn/T/"/>
    <property name="idea.version" value="2022.3.2"/>
    <property name="java.version" value="1.8.0_361"/>
    <property name="user.dir" value="/Users/adiaherrerasanto/Documents/TestAutomationCode/Selenium/SerenityBDDExercise"/>
    <property name="os.arch" value="x86_64"/>
    <property name="java.vm.specification.name" value="Java Virtual Machine Specification"/>
    <property name="java.awt.printerjob" value="sun.lwawt.macosx.CPrinterJob"/>
    <property name="sun.os.patch.level" value="unknown"/>
    <property name="java.library.path" value="/Users/adiaherrerasanto/Library/Java/Extensions:/Library/Java/Extensions:/Network/Library/Java/Extensions:/System/Library/Java/Extensions:/usr/lib/java:."/>
    <property name="java.vm.info" value="mixed mode"/>
    <property name="java.vendor" value="Oracle Corporation"/>
    <property name="java.vm.version" value="25.361-b09"/>
    <property name="java.specification.maintenance.version" value="4"/>
    <property name="java.ext.dirs" value="/Users/adiaherrerasanto/Library/Java/Extensions:/Library/Java/JavaVirtualMachines/jdk1.8.0_361.jdk/Contents/Home/jre/lib/ext:/Library/Java/Extensions:/Network/Library/Java/Extensions:/System/Library/Java/Extensions:/usr/lib/java"/>
    <property name="sun.io.unicode.encoding" value="UnicodeBig"/>
    <property name="java.class.version" value="52.0"/>
    <property name="socksNonProxyHosts" value="local|*.local|169.254/16|*.169.254/16"/>
  </properties>
  <testcase name="Go to product page" classname="Search Yelp" time="0.968">
    <error message="Could not instantiate class org.openqa.selenium.chrome.ChromeDriver" type="net.thucydides.core.webdriver.UnsupportedDriverException">net.thucydides.core.webdriver.UnsupportedDriverException: Could not instantiate class org.openqa.selenium.chrome.ChromeDriver
Caused by: net.thucydides.core.webdriver.UnsupportedDriverException: Could not instantiate new WebDriver instance of type class org.openqa.selenium.chrome.ChromeDriver (Path to the driver file was not defined
Caused by: java.lang.IllegalStateException: Path to the driver file was not defined
</error>
    <system-out><![CDATA[11:14:40.338 [main] DEBUG n.t.c.u.PropertiesFileLocalPreferences - LOADING LOCAL PROPERTIES FROM /Users/adiaherrerasanto/Documents/TestAutomationCode/Selenium/SerenityBDDExercise/serenity.properties 
11:14:40.340 [main] DEBUG n.t.c.u.PropertiesFileLocalPreferences - LOADING LOCAL PROPERTIES FROM /Users/adiaherrerasanto/Documents/TestAutomationCode/Selenium/SerenityBDDExercise/serenity.properties 
11:14:40.341 [main] DEBUG n.t.c.u.PropertiesFileLocalPreferences - LOADING LOCAL PROPERTIES FROM /Users/adiaherrerasanto/Documents/TestAutomationCode/Selenium/SerenityBDDExercise/serenity.properties 
11:14:40.362 [main] DEBUG n.t.c.u.PropertiesFileLocalPreferences - serenity.restart.browser.for.each=SCENARIO
11:14:40.362 [main] DEBUG n.t.c.u.PropertiesFileLocalPreferences - webdriver.driver=chrome
11:14:40.362 [main] DEBUG n.t.c.u.PropertiesFileLocalPreferences - serenity.test.root=org.example
11:14:40.362 [main] DEBUG n.t.c.u.PropertiesFileLocalPreferences - serenity.project.name=Yelp Automation
11:14:40.362 [main] DEBUG n.t.c.u.PropertiesFileLocalPreferences - serenity.take.screenshots=DISABLED
11:14:40.362 [main] DEBUG n.t.c.u.PropertiesFileLocalPreferences - serenity.browser.maximized=true
11:14:40.362 [main] DEBUG n.t.c.u.PropertiesFileLocalPreferences - drivers.windows.webdriver.chrome.driver=src/test/resources/webdriver/chromedriver
11:14:40.362 [main] DEBUG n.t.c.u.PropertiesFileLocalPreferences - serenity.use.unique.browser=true
11:14:40.713 [main] DEBUG n.t.c.u.PropertiesFileLocalPreferences - LOADING LOCAL PROPERTIES FROM /Users/adiaherrerasanto/Documents/TestAutomationCode/Selenium/SerenityBDDExercise/serenity.properties 
11:14:40.715 [main] DEBUG n.t.c.u.PropertiesFileLocalPreferences - LOADING LOCAL PROPERTIES FROM /Users/adiaherrerasanto/Documents/TestAutomationCode/Selenium/SerenityBDDExercise/serenity.properties 
11:14:40.716 [main] DEBUG n.t.c.u.PropertiesFileLocalPreferences - LOADING LOCAL PROPERTIES FROM /Users/adiaherrerasanto/Documents/TestAutomationCode/Selenium/SerenityBDDExercise/serenity.properties 
11:14:40.721 [main] DEBUG n.t.c.u.PropertiesFileLocalPreferences - serenity.restart.browser.for.each=SCENARIO
11:14:40.722 [main] DEBUG n.t.c.u.PropertiesFileLocalPreferences - webdriver.driver=chrome
11:14:40.723 [main] DEBUG n.t.c.u.PropertiesFileLocalPreferences - serenity.test.root=org.example
11:14:40.723 [main] DEBUG n.t.c.u.PropertiesFileLocalPreferences - serenity.project.name=Yelp Automation
11:14:40.723 [main] DEBUG n.t.c.u.PropertiesFileLocalPreferences - serenity.take.screenshots=DISABLED
11:14:40.723 [main] DEBUG n.t.c.u.PropertiesFileLocalPreferences - serenity.browser.maximized=true
11:14:40.723 [main] DEBUG n.t.c.u.PropertiesFileLocalPreferences - drivers.windows.webdriver.chrome.driver=src/test/resources/webdriver/chromedriver
11:14:40.723 [main] DEBUG n.t.c.u.PropertiesFileLocalPreferences - serenity.use.unique.browser=true
11:14:40.731 [main] INFO  n.t.c.steps.ConsoleLoggingListener - 

-------------------------------------------------------------------------------------
     _______. _______ .______       _______ .__   __.  __  .___________.____    ____ 
    /       ||   ____||   _  \     |   ____||  \ |  | |  | |           |\   \  /   / 
   |   (----`|  |__   |  |_)  |    |  |__   |   \|  | |  | `---|  |----` \   \/   /  
    \   \    |   __|  |      /     |   __|  |  . `  | |  |     |  |       \_    _/   
.----)   |   |  |____ |  |\  \----.|  |____ |  |\   | |  |     |  |         |  |     
|_______/    |_______|| _| `._____||_______||__| \__| |__|     |__|         |__|    
                                                                                     
 News and tutorials at http://www.serenity-bdd.info                                  
 Documentation at https://wakaleo.gitbooks.io/the-serenity-book/content/             
 Join the Serenity Community on Rocket Chat at https://serenity-bdd.rocket.chat      
 Serenity BDD Support and Training at http://serenity-bdd.info/#/trainingandsupport  
 Learn Serenity BDD online at http://serenity-dojo.com                               
-------------------------------------------------------------------------------------

11:14:40.740 [main] DEBUG n.thucydides.core.steps.StepEventBus - Test suite started for story net.thucydides.core.model.Story@8e961cc3
11:14:40.743 [main] INFO  n.t.c.steps.ConsoleLoggingListener - Test Suite Started: Search Yelp
11:14:40.850 [pool-1-thread-1] INFO  n.t.c.steps.ConsoleLoggingListener - 
 _____ _____ ____ _____   ____ _____  _    ____ _____ _____ ____  
|_   _| ____/ ___|_   _| / ___|_   _|/ \  |  _ \_   _| ____|  _ \ 
  | | |  _| \___ \ | |   \___ \ | | / _ \ | |_) || | |  _| | | | |
  | | | |___ ___) || |    ___) || |/ ___ \|  _ < | | | |___| |_| |
  |_| |_____|____/ |_|   |____/ |_/_/   \_\_| \_\|_| |_____|____/ 
                                                                  

TEST STARTED: Go to product page
-------------------------------------------------------------------(search-yelp;go-to-product-page)
11:14:40.874 [pool-1-thread-1] DEBUG n.t.core.requirements.RootDirectory - Resource directories found in  in 10 ms: [src/test/resources]
11:14:40.881 [pool-1-thread-1] DEBUG n.t.core.requirements.RootDirectory - Resource directories found in /Users/adiaherrerasanto/Documents/TestAutomationCode/Selenium/SerenityBDDExercise in 4 ms: [/Users/adiaherrerasanto/Documents/TestAutomationCode/Selenium/SerenityBDDExercise/src/test/resources]
11:14:40.901 [pool-1-thread-1] DEBUG n.t.c.r.m.cucumber.CucumberParser - Found no Cucumber 4.x.x class cucumber.runtime.model.FeatureLoader try Cucumber 2.x.x 
Feature: Search Yelp

  Background:                                          &amp#27;[90m# src/test/resources/features/Yelp.feature:2&amp#27;[0m
11:14:41.890 [pool-1-thread-1] DEBUG n.t.core.reports.ReportService - Reporting formats: [JSON, HTML]
11:14:41.894 [pool-1-thread-1] DEBUG n.t.core.reports.ReportService - Found reporter: net.thucydides.core.reports.xml.XMLTestOutcomeReporter@3a35e4de(format = Optional[XML])
11:14:41.894 [pool-1-thread-1] DEBUG n.t.core.reports.ReportService - Found reporter: net.thucydides.core.reports.json.JSONTestOutcomeReporter@1a082086(format = Optional[JSON])
11:14:41.894 [pool-1-thread-1] DEBUG n.t.core.reports.ReportService - Registering reporter: net.thucydides.core.reports.json.JSONTestOutcomeReporter@1a082086
11:14:41.946 [pool-1-thread-1] DEBUG n.t.core.reports.ReportService - Found reporter: net.thucydides.core.reports.html.HtmlAcceptanceTestReporter@275d9bfb(format = Optional[HTML])
11:14:41.948 [pool-1-thread-1] DEBUG n.t.core.reports.ReportService - Registering reporter: net.thucydides.core.reports.html.HtmlAcceptanceTestReporter@275d9bfb
11:14:41.949 [pool-1-thread-1] DEBUG n.t.core.reports.ReportService - Reporting formats: [JSON, HTML]
11:14:41.968 [pool-1-thread-1] DEBUG n.t.core.reports.ReportService - Generating reports for 1 test outcomes using: net.thucydides.core.reports.json.JSONTestOutcomeReporter@1a082086
11:14:41.968 [pool-1-thread-1] DEBUG n.t.c.r.j.JUnitXMLOutcomeReporter - GENERATING JUNIT REPORTS
11:14:41.969 [pool-1-thread-1] DEBUG n.t.core.reports.ReportService - Processing test outcome Search Yelp:Go to product page
11:14:41.969 [pool-1-thread-1] DEBUG n.t.core.reports.ReportService - net.thucydides.core.reports.json.JSONTestOutcomeReporter@1a082086: Generating report for test outcome: Search Yelp:Go to product page
11:14:41.985 [pool-1-thread-1] DEBUG n.t.c.r.json.JSONTestOutcomeReporter - Generating JSON report for Go to product page to file /Users/adiaherrerasanto/Documents/TestAutomationCode/Selenium/SerenityBDDExercise/target/site/serenity/4d2977aed585ea51726ae24667e463049ab15097ab0768c14febfd8986e072b7.json (using temp file /Users/adiaherrerasanto/Documents/TestAutomationCode/Selenium/SerenityBDDExercise/target/site/serenity/4d2977aed585ea51726ae24667e463049ab15097ab0768c14febfd8986e072b7.jsondf58e0a2-6e73-4096-b9c3-3e32426edc2c)
11:14:42.056 [pool-1-thread-1] DEBUG n.t.core.reports.ReportService - Processing test outcome Search Yelp:Go to product page done
11:14:42.175 [pool-1-thread-1] DEBUG n.t.core.reports.ReportService - Shutting down executor service
11:14:42.178 [pool-1-thread-1] DEBUG n.t.core.reports.ReportService - Reports generated in: 210 ms
11:14:42.178 [pool-1-thread-1] DEBUG n.t.core.reports.ReportService - Generating reports for 1 test outcomes using: net.thucydides.core.reports.html.HtmlAcceptanceTestReporter@275d9bfb
11:14:42.178 [pool-1-thread-1] DEBUG n.t.c.r.j.JUnitXMLOutcomeReporter - GENERATING JUNIT REPORTS
11:14:42.178 [pool-2-thread-1] DEBUG n.t.core.reports.ReportService - Processing test outcome Search Yelp:Go to product page
11:14:42.179 [pool-2-thread-1] DEBUG n.t.core.reports.ReportService - net.thucydides.core.reports.html.HtmlAcceptanceTestReporter@275d9bfb: Generating report for test outcome: Search Yelp:Go to product page
11:14:42.180 [pool-2-thread-1] DEBUG n.t.c.r.h.HtmlAcceptanceTestReporter - GENERATE TEST OUTCOME REPORT FOR Go to product page in 4d2977aed585ea51726ae24667e463049ab15097ab0768c14febfd8986e072b7
11:14:42.191 [pool-2-thread-1] INFO  n.t.c.r.PackageRequirementsTagProvider - Loading requirements from package requirements at: org.example
11:14:42.522 [pool-2-thread-1] DEBUG n.t.c.r.m.cucumber.CucumberParser - Found no Cucumber 4.x.x class cucumber.runtime.model.FeatureLoader try Cucumber 2.x.x 
11:14:42.525 [pool-2-thread-1] DEBUG n.t.c.r.RequirementsTagProvider - Requirements found:[Requirement{name='Search Yelp', type='feature' parent = 'null', cardNumber='null'}]
11:14:42.533 [pool-2-thread-1] DEBUG n.t.c.r.BaseRequirementsService - Requirement found for test outcome Go to product page-[]: Optional[Requirement{name='Search Yelp', type='feature' parent = 'null', cardNumber='null'}]
11:14:42.537 [pool-2-thread-1] DEBUG n.t.c.r.BaseRequirementsService - Requirement found for test outcome Go to product page-[]: Optional[Requirement{name='Search Yelp', type='feature' parent = 'null', cardNumber='null'}]
11:14:42.593 [pool-2-thread-1] DEBUG n.t.c.r.h.HtmlAcceptanceTestReporter - GENERATING HTML REPORT FOR Search Yelp:Go to product page in 4d2977aed585ea51726ae24667e463049ab15097ab0768c14febfd8986e072b7.html in directory target/site/serenity  
11:14:43.125 [pool-2-thread-1] DEBUG n.t.c.r.h.HtmlAcceptanceTestReporter - Generating report in 4d2977aed585ea51726ae24667e463049ab15097ab0768c14febfd8986e072b7.html
11:14:43.596 [pool-2-thread-1] DEBUG n.t.c.r.h.HtmlAcceptanceTestReporter - Generated report 4d2977aed585ea51726ae24667e463049ab15097ab0768c14febfd8986e072b7.html in 470 ms
11:14:43.596 [pool-2-thread-1] DEBUG n.t.core.reports.ReportService - Processing test outcome Search Yelp:Go to product page done
11:14:43.596 [pool-1-thread-1] DEBUG n.t.core.reports.ReportService - Shutting down executor service
11:14:43.597 [pool-1-thread-1] DEBUG n.t.core.reports.ReportService - Reports generated in: 1419 ms

&amp#27;[31mFailed scenarios:&amp#27;[0m
&amp#27;[31msrc/test/resources/features/Yelp.feature:6 &amp#27;[0m# Go to product page

1 Scenarios (&amp#27;[31m1 failed&amp#27;[0m)
4 Steps (&amp#27;[31m1 failed&amp#27;[0m, &amp#27;[36m3 skipped&amp#27;[0m)
0m1.293s

net.thucydides.core.webdriver.UnsupportedDriverException: Could not instantiate class org.openqa.selenium.chrome.ChromeDriver
	at net.thucydides.core.webdriver.WebDriverFacade.newDriverInstance(WebDriverFacade.java:154)
	at net.thucydides.core.webdriver.WebDriverFacade.newProxyDriver(WebDriverFacade.java:142)
	at net.thucydides.core.webdriver.WebDriverFacade.getProxiedDriver(WebDriverFacade.java:112)
	at net.thucydides.core.webdriver.WebDriverFacade.get(WebDriverFacade.java:182)
	at net.serenitybdd.core.pages.PageObject.openPageAtUrl(PageObject.java:862)
	at net.serenitybdd.core.pages.PageObject.open(PageObject.java:763)
	at net.serenitybdd.core.pages.PageObject.open(PageObject.java:751)
	at Yelp.steps.YelpUser.navigatesTo(YelpUser.java:19)
	at Yelp.steps.YelpUser$$EnhancerByCGLIB$$49ef39e4.CGLIB$navigatesTo$2(<generated>)
	at Yelp.steps.YelpUser$$EnhancerByCGLIB$$49ef39e4$$FastClassByCGLIB$$aaf6f581.invoke(<generated>)
	at net.sf.cglib.proxy.MethodProxy.invokeSuper(MethodProxy.java:228)
	at net.thucydides.core.steps.BaseMethodRunner.invokeMethod(BaseMethodRunner.java:10)
	at net.thucydides.core.steps.NormalMethodRunner.invokeMethodAndNotifyFailures(NormalMethodRunner.java:20)
	at net.thucydides.core.steps.StepInterceptor.runNormalMethod(StepInterceptor.java:390)
	at net.thucydides.core.steps.StepInterceptor.testStepResult(StepInterceptor.java:161)
	at net.thucydides.core.steps.StepInterceptor.intercept(StepInterceptor.java:72)
	at Yelp.steps.YelpUser$$EnhancerByCGLIB$$49ef39e4.navigatesTo(<generated>)
	at Yelp.stepsdefinitions.StepDefinitionUser.userNavigateToSaucedemo(StepDefinitionUser.java:17)
	at .user navigates to https://www.saucedemo.com/(src/test/resources/features/Yelp.feature:3)
Caused by: net.thucydides.core.webdriver.UnsupportedDriverException: Could not instantiate new WebDriver instance of type class org.openqa.selenium.chrome.ChromeDriver (Path to the driver file was not defined
	at net.thucydides.core.webdriver.WebDriverFactory.newWebdriverInstance(WebDriverFactory.java:137)
	at net.thucydides.core.webdriver.WebDriverFacade.newDriverInstance(WebDriverFacade.java:151)
	at net.thucydides.core.webdriver.WebDriverFacade.newProxyDriver(WebDriverFacade.java:142)
	at net.thucydides.core.webdriver.WebDriverFacade.getProxiedDriver(WebDriverFacade.java:112)
	at net.thucydides.core.webdriver.WebDriverFacade.get(WebDriverFacade.java:182)
	at net.serenitybdd.core.pages.PageObject.openPageAtUrl(PageObject.java:862)
	at net.serenitybdd.core.pages.PageObject.open(PageObject.java:763)
	at net.serenitybdd.core.pages.PageObject.open(PageObject.java:751)
	at Yelp.steps.YelpUser.navigatesTo(YelpUser.java:19)
	at Yelp.steps.YelpUser$$EnhancerByCGLIB$$49ef39e4.CGLIB$navigatesTo$2(<generated>)
	at Yelp.steps.YelpUser$$EnhancerByCGLIB$$49ef39e4$$FastClassByCGLIB$$aaf6f581.invoke(<generated>)
	at net.sf.cglib.proxy.MethodProxy.invokeSuper(MethodProxy.java:228)
	at net.thucydides.core.steps.BaseMethodRunner.invokeMethod(BaseMethodRunner.java:10)
	at net.thucydides.core.steps.NormalMethodRunner.invokeMethodAndNotifyFailures(NormalMethodRunner.java:20)
	at net.thucydides.core.steps.StepInterceptor.runNormalMethod(StepInterceptor.java:390)
	at net.thucydides.core.steps.StepInterceptor.testStepResult(StepInterceptor.java:161)
	at net.thucydides.core.steps.StepInterceptor.intercept(StepInterceptor.java:72)
	at Yelp.steps.YelpUser$$EnhancerByCGLIB$$49ef39e4.navigatesTo(<generated>)
	at Yelp.stepsdefinitions.StepDefinitionUser.userNavigateToSaucedemo(StepDefinitionUser.java:17)
	at sun.reflect.NativeMethodAccessorImpl.invoke0(Native Method)
	at sun.reflect.NativeMethodAccessorImpl.invoke(NativeMethodAccessorImpl.java:62)
	at sun.reflect.DelegatingMethodAccessorImpl.invoke(DelegatingMethodAccessorImpl.java:43)
	at java.lang.reflect.Method.invoke(Method.java:498)
	at cucumber.runtime.Utils$1.call(Utils.java:31)
	at cucumber.runtime.Timeout.timeout(Timeout.java:16)
	at cucumber.runtime.Utils.invoke(Utils.java:25)
	at cucumber.runtime.java.JavaStepDefinition.execute(JavaStepDefinition.java:37)
	at cucumber.runtime.StepDefinitionMatch.runStep(StepDefinitionMatch.java:40)
	at cucumber.api.TestStep.executeStep(TestStep.java:102)
	at cucumber.api.TestStep.run(TestStep.java:83)
	at cucumber.api.TestCase.run(TestCase.java:58)
	at cucumber.runner.Runner.runPickle(Runner.java:80)
	at cucumber.runtime.junit.PickleRunners$NoStepDescriptions.run(PickleRunners.java:140)
	at cucumber.runtime.junit.FeatureRunner.runChild(FeatureRunner.java:68)
	at cucumber.runtime.junit.FeatureRunner.runChild(FeatureRunner.java:23)
	at org.junit.runners.ParentRunner$3.run(ParentRunner.java:290)
	at org.junit.runners.ParentRunner$1.schedule(ParentRunner.java:71)
	at org.junit.runners.ParentRunner.runChildren(ParentRunner.java:288)
	at org.junit.runners.ParentRunner.access$000(ParentRunner.java:58)
	at org.junit.runners.ParentRunner$2.evaluate(ParentRunner.java:268)
	at org.junit.runners.ParentRunner.run(ParentRunner.java:363)
	at cucumber.runtime.junit.FeatureRunner.run(FeatureRunner.java:73)
	at cucumber.api.junit.Cucumber.runChild(Cucumber.java:118)
	at cucumber.api.junit.Cucumber.runChild(Cucumber.java:56)
	at org.junit.runners.ParentRunner$3.run(ParentRunner.java:290)
	at org.apache.maven.surefire.junitcore.pc.Scheduler$1.run(Scheduler.java:410)
	at org.apache.maven.surefire.junitcore.pc.InvokerStrategy.schedule(InvokerStrategy.java:54)
	at org.apache.maven.surefire.junitcore.pc.Scheduler.schedule(Scheduler.java:367)
	at org.junit.runners.ParentRunner.runChildren(ParentRunner.java:288)
	at org.junit.runners.ParentRunner.access$000(ParentRunner.java:58)
	at org.junit.runners.ParentRunner$2.evaluate(ParentRunner.java:268)
	at cucumber.api.junit.Cucumber$1.evaluate(Cucumber.java:127)
	at org.junit.runners.ParentRunner.run(ParentRunner.java:363)
	at org.junit.runners.Suite.runChild(Suite.java:128)
	at org.junit.runners.Suite.runChild(Suite.java:27)
	at org.junit.runners.ParentRunner$3.run(ParentRunner.java:290)
	at org.apache.maven.surefire.junitcore.pc.Scheduler$1.run(Scheduler.java:410)
	at java.util.concurrent.Executors$RunnableAdapter.call(Executors.java:511)
	at java.util.concurrent.FutureTask.run(FutureTask.java:266)
	at java.util.concurrent.ThreadPoolExecutor.runWorker(ThreadPoolExecutor.java:1149)
	at java.util.concurrent.ThreadPoolExecutor$Worker.run(ThreadPoolExecutor.java:624)
	at java.lang.Thread.run(Thread.java:750)
Caused by: java.lang.IllegalStateException: Path to the driver file was not defined
	at com.google.common.base.Preconditions.checkState(Preconditions.java:504)
	at net.serenitybdd.core.webdriver.servicepools.DriverServiceExecutable.checkForMissingBinaries(DriverServiceExecutable.java:157)
	at net.serenitybdd.core.webdriver.servicepools.DriverServiceExecutable.asAFile(DriverServiceExecutable.java:117)
	at net.serenitybdd.core.webdriver.servicepools.ChromeServicePool.chromeDriverExecutable(ChromeServicePool.java:44)
	at net.serenitybdd.core.webdriver.servicepools.ChromeServicePool.newDriverService(ChromeServicePool.java:25)
	at net.serenitybdd.core.webdriver.servicepools.ChromeServicePool.newDriverService(ChromeServicePool.java:12)
	at net.serenitybdd.core.webdriver.servicepools.DriverServicePool.driverServiceWithName(DriverServicePool.java:54)
	at net.serenitybdd.core.webdriver.servicepools.DriverServicePool.getDriverService(DriverServicePool.java:45)
	at net.serenitybdd.core.webdriver.servicepools.DriverServicePool.start(DriverServicePool.java:60)
	at net.serenitybdd.core.webdriver.servicepools.DriverServicePool.ensureServiceIsRunning(DriverServicePool.java:86)
	at net.serenitybdd.core.webdriver.driverproviders.ChromeDriverProvider.getDriverServicePool(ChromeDriverProvider.java:29)
	at net.serenitybdd.core.webdriver.driverproviders.ChromeDriverProvider.newInstance(ChromeDriverProvider.java:49)
	at net.thucydides.core.webdriver.WebDriverFactory.newWebdriverInstance(WebDriverFactory.java:127)
	... 61 more

11:14:41.707 [pool-1-thread-1] ERROR n.s.c.w.s.DriverServiceExecutable - &amp#27;[91m
  ___      _                ___           __ _                    _   _            ___                
 |   \ _ _(_)_ _____ _ _   / __|___ _ _  / _(_)__ _ _  _ _ _ __ _| |_(_)___ _ _   |_ _|_______  _ ___ 
 | |) | '_| \ V / -_) '_| | (__/ _ \ ' \|  _| / _` | || | '_/ _` |  _| / _ \ ' \   | |(_-<_-< || / -_)
 |___/|_| |_|\_/\___|_|    \___\___/_||_|_| |_\__, |\_,_|_| \__,_|\__|_\___/_||_| |___/__/__/\_,_\___|
  ___ ___ ___ ___ ___ ___ ___ ___ ___ ___ ___ |___/__ ___ ___ ___ ___ ___ ___ ___ ___ ___ ___ ___ ___ 
 |___|___|___|___|___|___|___|___|___|___|___|___|___|___|___|___|___|___|___|___|___|___|___|___|___|
                                                                                                      
                                                                                                      
The path to the chromedriver driver executable must be set by the webdriver.chrome.driver system property, or be available on the system path; for more information, see https://sites.google.com/a/chromium.org/chromedriver/downloads. The latest version can be downloaded from https://sites.google.com/a/chromium.org/chromedriver/downloads&amp#27;[0m
    &amp#27;[31mGiven &amp#27;[0m&amp#27;[31muser navigates to https://www.saucedemo.com/&amp#27;[0m &amp#27;[90m# StepDefinitionUser.userNavigateToSaucedemo()&amp#27;[0m
      &amp#27;[31mnet.thucydides.core.webdriver.UnsupportedDriverException: Could not instantiate class org.openqa.selenium.chrome.ChromeDriver
	at net.thucydides.core.webdriver.WebDriverFacade.newDriverInstance(WebDriverFacade.java:154)
	at net.thucydides.core.webdriver.WebDriverFacade.newProxyDriver(WebDriverFacade.java:142)
	at net.thucydides.core.webdriver.WebDriverFacade.getProxiedDriver(WebDriverFacade.java:112)
	at net.thucydides.core.webdriver.WebDriverFacade.get(WebDriverFacade.java:182)
	at net.serenitybdd.core.pages.PageObject.openPageAtUrl(PageObject.java:862)
	at net.serenitybdd.core.pages.PageObject.open(PageObject.java:763)
	at net.serenitybdd.core.pages.PageObject.open(PageObject.java:751)
	at Yelp.steps.YelpUser.navigatesTo(YelpUser.java:19)
	at Yelp.steps.YelpUser$$EnhancerByCGLIB$$49ef39e4.CGLIB$navigatesTo$2(<generated>)
	at Yelp.steps.YelpUser$$EnhancerByCGLIB$$49ef39e4$$FastClassByCGLIB$$aaf6f581.invoke(<generated>)
	at net.sf.cglib.proxy.MethodProxy.invokeSuper(MethodProxy.java:228)
	at net.thucydides.core.steps.BaseMethodRunner.invokeMethod(BaseMethodRunner.java:10)
	at net.thucydides.core.steps.NormalMethodRunner.invokeMethodAndNotifyFailures(NormalMethodRunner.java:20)
	at net.thucydides.core.steps.StepInterceptor.runNormalMethod(StepInterceptor.java:390)
	at net.thucydides.core.steps.StepInterceptor.testStepResult(StepInterceptor.java:161)
	at net.thucydides.core.steps.StepInterceptor.intercept(StepInterceptor.java:72)
	at Yelp.steps.YelpUser$$EnhancerByCGLIB$$49ef39e4.navigatesTo(<generated>)
	at Yelp.stepsdefinitions.StepDefinitionUser.userNavigateToSaucedemo(StepDefinitionUser.java:17)
	at .user navigates to https://www.saucedemo.com/(src/test/resources/features/Yelp.feature:3)
Caused by: net.thucydides.core.webdriver.UnsupportedDriverException: Could not instantiate new WebDriver instance of type class org.openqa.selenium.chrome.ChromeDriver (Path to the driver file was not defined
	at net.thucydides.core.webdriver.WebDriverFactory.newWebdriverInstance(WebDriverFactory.java:137)
	at net.thucydides.core.webdriver.WebDriverFacade.newDriverInstance(WebDriverFacade.java:151)
	at net.thucydides.core.webdriver.WebDriverFacade.newProxyDriver(WebDriverFacade.java:142)
	at net.thucydides.core.webdriver.WebDriverFacade.getProxiedDriver(WebDriverFacade.java:112)
	at net.thucydides.core.webdriver.WebDriverFacade.get(WebDriverFacade.java:182)
	at net.serenitybdd.core.pages.PageObject.openPageAtUrl(PageObject.java:862)
	at net.serenitybdd.core.pages.PageObject.open(PageObject.java:763)
	at net.serenitybdd.core.pages.PageObject.open(PageObject.java:751)
	at Yelp.steps.YelpUser.navigatesTo(YelpUser.java:19)
	at Yelp.steps.YelpUser$$EnhancerByCGLIB$$49ef39e4.CGLIB$navigatesTo$2(<generated>)
	at Yelp.steps.YelpUser$$EnhancerByCGLIB$$49ef39e4$$FastClassByCGLIB$$aaf6f581.invoke(<generated>)
	at net.sf.cglib.proxy.MethodProxy.invokeSuper(MethodProxy.java:228)
	at net.thucydides.core.steps.BaseMethodRunner.invokeMethod(BaseMethodRunner.java:10)
	at net.thucydides.core.steps.NormalMethodRunner.invokeMethodAndNotifyFailures(NormalMethodRunner.java:20)
	at net.thucydides.core.steps.StepInterceptor.runNormalMethod(StepInterceptor.java:390)
	at net.thucydides.core.steps.StepInterceptor.testStepResult(StepInterceptor.java:161)
	at net.thucydides.core.steps.StepInterceptor.intercept(StepInterceptor.java:72)
	at Yelp.steps.YelpUser$$EnhancerByCGLIB$$49ef39e4.navigatesTo(<generated>)
	at Yelp.stepsdefinitions.StepDefinitionUser.userNavigateToSaucedemo(StepDefinitionUser.java:17)
	at sun.reflect.NativeMethodAccessorImpl.invoke0(Native Method)
	at sun.reflect.NativeMethodAccessorImpl.invoke(NativeMethodAccessorImpl.java:62)
	at sun.reflect.DelegatingMethodAccessorImpl.invoke(DelegatingMethodAccessorImpl.java:43)
	at java.lang.reflect.Method.invoke(Method.java:498)
	at cucumber.runtime.Utils$1.call(Utils.java:31)
	at cucumber.runtime.Timeout.timeout(Timeout.java:16)
	at cucumber.runtime.Utils.invoke(Utils.java:25)
	at cucumber.runtime.java.JavaStepDefinition.execute(JavaStepDefinition.java:37)
	at cucumber.runtime.StepDefinitionMatch.runStep(StepDefinitionMatch.java:40)
	at cucumber.api.TestStep.executeStep(TestStep.java:102)
	at cucumber.api.TestStep.run(TestStep.java:83)
	at cucumber.api.TestCase.run(TestCase.java:58)
	at cucumber.runner.Runner.runPickle(Runner.java:80)
	at cucumber.runtime.junit.PickleRunners$NoStepDescriptions.run(PickleRunners.java:140)
	at cucumber.runtime.junit.FeatureRunner.runChild(FeatureRunner.java:68)
	at cucumber.runtime.junit.FeatureRunner.runChild(FeatureRunner.java:23)
	at org.junit.runners.ParentRunner$3.run(ParentRunner.java:290)
	at org.junit.runners.ParentRunner$1.schedule(ParentRunner.java:71)
	at org.junit.runners.ParentRunner.runChildren(ParentRunner.java:288)
	at org.junit.runners.ParentRunner.access$000(ParentRunner.java:58)
	at org.junit.runners.ParentRunner$2.evaluate(ParentRunner.java:268)
	at org.junit.runners.ParentRunner.run(ParentRunner.java:363)
	at cucumber.runtime.junit.FeatureRunner.run(FeatureRunner.java:73)
	at cucumber.api.junit.Cucumber.runChild(Cucumber.java:118)
	at cucumber.api.junit.Cucumber.runChild(Cucumber.java:56)
	at org.junit.runners.ParentRunner$3.run(ParentRunner.java:290)
	at org.apache.maven.surefire.junitcore.pc.Scheduler$1.run(Scheduler.java:410)
	at org.apache.maven.surefire.junitcore.pc.InvokerStrategy.schedule(InvokerStrategy.java:54)
	at org.apache.maven.surefire.junitcore.pc.Scheduler.schedule(Scheduler.java:367)
	at org.junit.runners.ParentRunner.runChildren(ParentRunner.java:288)
	at org.junit.runners.ParentRunner.access$000(ParentRunner.java:58)
	at org.junit.runners.ParentRunner$2.evaluate(ParentRunner.java:268)
	at cucumber.api.junit.Cucumber$1.evaluate(Cucumber.java:127)
	at org.junit.runners.ParentRunner.run(ParentRunner.java:363)
	at org.junit.runners.Suite.runChild(Suite.java:128)
	at org.junit.runners.Suite.runChild(Suite.java:27)
	at org.junit.runners.ParentRunner$3.run(ParentRunner.java:290)
	at org.apache.maven.surefire.junitcore.pc.Scheduler$1.run(Scheduler.java:410)
	at java.util.concurrent.Executors$RunnableAdapter.call(Executors.java:511)
	at java.util.concurrent.FutureTask.run(FutureTask.java:266)
	at java.util.concurrent.ThreadPoolExecutor.runWorker(ThreadPoolExecutor.java:1149)
	at java.util.concurrent.ThreadPoolExecutor$Worker.run(ThreadPoolExecutor.java:624)
	at java.lang.Thread.run(Thread.java:750)
Caused by: java.lang.IllegalStateException: Path to the driver file was not defined
	at com.google.common.base.Preconditions.checkState(Preconditions.java:504)
	at net.serenitybdd.core.webdriver.servicepools.DriverServiceExecutable.checkForMissingBinaries(DriverServiceExecutable.java:157)
	at net.serenitybdd.core.webdriver.servicepools.DriverServiceExecutable.asAFile(DriverServiceExecutable.java:117)
	at net.serenitybdd.core.webdriver.servicepools.ChromeServicePool.chromeDriverExecutable(ChromeServicePool.java:44)
	at net.serenitybdd.core.webdriver.servicepools.ChromeServicePool.newDriverService(ChromeServicePool.java:25)
	at net.serenitybdd.core.webdriver.servicepools.ChromeServicePool.newDriverService(ChromeServicePool.java:12)
	at net.serenitybdd.core.webdriver.servicepools.DriverServicePool.driverServiceWithName(DriverServicePool.java:54)
	at net.serenitybdd.core.webdriver.servicepools.DriverServicePool.getDriverService(DriverServicePool.java:45)
	at net.serenitybdd.core.webdriver.servicepools.DriverServicePool.start(DriverServicePool.java:60)
	at net.serenitybdd.core.webdriver.servicepools.DriverServicePool.ensureServiceIsRunning(DriverServicePool.java:86)
	at net.serenitybdd.core.webdriver.driverproviders.ChromeDriverProvider.getDriverServicePool(ChromeDriverProvider.java:29)
	at net.serenitybdd.core.webdriver.driverproviders.ChromeDriverProvider.newInstance(ChromeDriverProvider.java:49)
	at net.thucydides.core.webdriver.WebDriverFactory.newWebdriverInstance(WebDriverFactory.java:127)
	... 61 more
&amp#27;[0m
    &amp#27;[36mAnd &amp#27;[0m&amp#27;[36mlogin as standard user&amp#27;[0m                         &amp#27;[90m# StepDefinitionUser.userLoginAsStandard()&amp#27;[0m

  Scenario: Go to product page         &amp#27;[90m# src/test/resources/features/Yelp.feature:6&amp#27;[0m
    &amp#27;[36mGiven &amp#27;[0m&amp#27;[36muser go to About tab&amp#27;[0m         &amp#27;[90m# StepDefinitionUser.userNavigateToAboutTab()&amp#27;[0m
    &amp#27;[36mAnd &amp#27;[0m&amp#27;[36muser goes back to Product page&amp#27;[0m &amp#27;[90m# StepDefinitionUser.userNavigateToAProductPage()&amp#27;[0m
11:14:41.802 [pool-1-thread-1] ERROR n.t.c.steps.ConsoleLoggingListener - 
           __  _____ _____ ____ _____   _____ _    ___ _     _____ ____  
  _       / / |_   _| ____/ ___|_   _| |  ___/ \  |_ _| |   | ____|  _ \ 
 (_)_____| |    | | |  _| \___ \ | |   | |_ / _ \  | || |   |  _| | | | |
  _|_____| |    | | | |___ ___) || |   |  _/ ___ \ | || |___| |___| |_| |
 (_)     | |    |_| |_____|____/ |_|   |_|/_/   \_\___|_____|_____|____/ 
          \_\                                                            

TEST FAILED WITH ERROR: Go to product page
---------------------------------------------------------------------
11:14:41.807 [pool-1-thread-1] DEBUG n.t.c.steps.ConsoleLoggingListener - RELATED ISSUES: 
11:14:41.878 [pool-1-thread-1] ERROR n.t.c.steps.ConsoleLoggingListener - TEST FAILED AT STEP Navigates to
11:14:41.878 [pool-1-thread-1] ERROR n.t.c.steps.ConsoleLoggingListener - Could not instantiate new WebDriver instance of type class org.openqa.selenium.chrome.ChromeDriver (Path to the driver file was not defined
]]></system-out>
    <system-err><![CDATA[Feb 17, 2023 11:14:41 AM org.openqa.selenium.remote.DesiredCapabilities chrome
INFO: Using `new ChromeOptions()` is preferred to `DesiredCapabilities.chrome()`
]]></system-err>
  </testcase>
</testsuite>